<?xml version="1.0" encoding="UTF-8"?>
<testsuite name="com.ssafy.bundler.BundlerApplicationTests" tests="1" skipped="0" failures="0" errors="0" timestamp="2023-02-06T01:18:16" hostname="MacBookPro-2.mshome.net" time="0.16">
  <properties/>
  <testcase name="contextLoads()" classname="com.ssafy.bundler.BundlerApplicationTests" time="0.16"/>
  <system-out><![CDATA[10:17:52.602 [Test worker] DEBUG org.springframework.boot.test.context.SpringBootTestContextBootstrapper - Neither @ContextConfiguration nor @ContextHierarchy found for test class [BundlerApplicationTests]: using SpringBootContextLoader
10:17:52.608 [Test worker] DEBUG org.springframework.test.context.support.AbstractContextLoader - Could not detect default resource locations for test class [com.ssafy.bundler.BundlerApplicationTests]: no resource found for suffixes {-context.xml, Context.groovy}.
10:17:52.609 [Test worker] INFO org.springframework.test.context.support.AnnotationConfigContextLoaderUtils - Could not detect default configuration classes for test class [com.ssafy.bundler.BundlerApplicationTests]: BundlerApplicationTests does not declare any static, non-private, non-final, nested classes annotated with @Configuration.
10:17:52.641 [Test worker] DEBUG org.springframework.boot.test.context.SpringBootTestContextBootstrapper - Using ContextCustomizers for test class [BundlerApplicationTests]: [DisableObservabilityContextCustomizer, PropertyMappingContextCustomizer, Customizer, ExcludeFilterContextCustomizer, DuplicateJsonObjectContextCustomizer, MockitoContextCustomizer, TestRestTemplateContextCustomizer]
10:17:52.734 [Test worker] DEBUG org.springframework.context.annotation.ClassPathScanningCandidateComponentProvider - Identified candidate component class: file [/Users/modsiw/ssafy/S08P12A810/backend/bundler/build/classes/java/main/com/ssafy/bundler/BundlerApplication.class]
10:17:52.736 [Test worker] INFO org.springframework.boot.test.context.SpringBootTestContextBootstrapper - Found @SpringBootConfiguration com.ssafy.bundler.BundlerApplication for test class com.ssafy.bundler.BundlerApplicationTests
10:17:52.849 [Test worker] DEBUG org.springframework.boot.test.context.SpringBootTestContextBootstrapper - Using TestExecutionListeners for test class [BundlerApplicationTests]: [ServletTestExecutionListener, DirtiesContextBeforeModesTestExecutionListener, ApplicationEventsTestExecutionListener, MockitoTestExecutionListener, DependencyInjectionTestExecutionListener, DirtiesContextTestExecutionListener, TransactionalTestExecutionListener, SqlScriptsTestExecutionListener, EventPublishingTestExecutionListener, RestDocsTestExecutionListener, MockRestServiceServerResetTestExecutionListener, MockMvcPrintOnlyOnFailureTestExecutionListener, WebDriverTestExecutionListener, MockWebServiceServerTestExecutionListener, ResetMocksTestExecutionListener]
10:17:52.851 [Test worker] DEBUG org.springframework.test.context.support.AbstractDirtiesContextTestExecutionListener - Before test class: class [BundlerApplicationTests], class annotated with @DirtiesContext [false] with mode [null]

  .   ____          _            __ _ _
 /\\ / ___'_ __ _ _(_)_ __  __ _ \ \ \ \
( ( )\___ | '_ | '_| | '_ \/ _` | \ \ \ \
 \\/  ___)| |_)| | | | | || (_| |  ) ) ) )
  '  |____| .__|_| |_|_| |_\__, | / / / /
 =========|_|==============|___/=/_/_/_/
?[32m :: Spring Boot :: ?[39m              ?[2m (v3.0.1)?[0;39m

?[2m2023-02-06T10:17:53.198+09:00?[0;39m ?[32m INFO?[0;39m ?[35m45049?[0;39m ?[2m---?[0;39m ?[2m[    Test worker]?[0;39m ?[36mc.ssafy.bundler.BundlerApplicationTests ?[0;39m ?[2m:?[0;39m Starting BundlerApplicationTests using Java 17.0.5 with PID 45049 (started by modsiw in /Users/modsiw/ssafy/S08P12A810/backend/bundler)
?[2m2023-02-06T10:17:53.199+09:00?[0;39m ?[32m INFO?[0;39m ?[35m45049?[0;39m ?[2m---?[0;39m ?[2m[    Test worker]?[0;39m ?[36mc.ssafy.bundler.BundlerApplicationTests ?[0;39m ?[2m:?[0;39m No active profile set, falling back to 1 default profile: "default"
?[2m2023-02-06T10:17:53.848+09:00?[0;39m ?[32m INFO?[0;39m ?[35m45049?[0;39m ?[2m---?[0;39m ?[2m[    Test worker]?[0;39m ?[36m.s.d.r.c.RepositoryConfigurationDelegate?[0;39m ?[2m:?[0;39m Multiple Spring Data modules found, entering strict repository configuration mode
?[2m2023-02-06T10:17:53.850+09:00?[0;39m ?[32m INFO?[0;39m ?[35m45049?[0;39m ?[2m---?[0;39m ?[2m[    Test worker]?[0;39m ?[36m.s.d.r.c.RepositoryConfigurationDelegate?[0;39m ?[2m:?[0;39m Bootstrapping Spring Data JDBC repositories in DEFAULT mode.
?[2m2023-02-06T10:17:53.891+09:00?[0;39m ?[32m INFO?[0;39m ?[35m45049?[0;39m ?[2m---?[0;39m ?[2m[    Test worker]?[0;39m ?[36m.RepositoryConfigurationExtensionSupport?[0;39m ?[2m:?[0;39m Spring Data JDBC - Could not safely identify store assignment for repository candidate interface com.ssafy.bundler.repository.BundleRepository; If you want this repository to be a JDBC repository, consider annotating your entities with one of these annotations: org.springframework.data.relational.core.mapping.Table.
?[2m2023-02-06T10:17:53.892+09:00?[0;39m ?[32m INFO?[0;39m ?[35m45049?[0;39m ?[2m---?[0;39m ?[2m[    Test worker]?[0;39m ?[36m.RepositoryConfigurationExtensionSupport?[0;39m ?[2m:?[0;39m Spring Data JDBC - Could not safely identify store assignment for repository candidate interface com.ssafy.bundler.repository.CardBundleRepository; If you want this repository to be a JDBC repository, consider annotating your entities with one of these annotations: org.springframework.data.relational.core.mapping.Table.
?[2m2023-02-06T10:17:53.894+09:00?[0;39m ?[32m INFO?[0;39m ?[35m45049?[0;39m ?[2m---?[0;39m ?[2m[    Test worker]?[0;39m ?[36m.RepositoryConfigurationExtensionSupport?[0;39m ?[2m:?[0;39m Spring Data JDBC - Could not safely identify store assignment for repository candidate interface com.ssafy.bundler.repository.CardRepository; If you want this repository to be a JDBC repository, consider annotating your entities with one of these annotations: org.springframework.data.relational.core.mapping.Table.
?[2m2023-02-06T10:17:53.895+09:00?[0;39m ?[32m INFO?[0;39m ?[35m45049?[0;39m ?[2m---?[0;39m ?[2m[    Test worker]?[0;39m ?[36m.RepositoryConfigurationExtensionSupport?[0;39m ?[2m:?[0;39m Spring Data JDBC - Could not safely identify store assignment for repository candidate interface com.ssafy.bundler.repository.CategoryRepository; If you want this repository to be a JDBC repository, consider annotating your entities with one of these annotations: org.springframework.data.relational.core.mapping.Table.
?[2m2023-02-06T10:17:53.897+09:00?[0;39m ?[32m INFO?[0;39m ?[35m45049?[0;39m ?[2m---?[0;39m ?[2m[    Test worker]?[0;39m ?[36m.RepositoryConfigurationExtensionSupport?[0;39m ?[2m:?[0;39m Spring Data JDBC - Could not safely identify store assignment for repository candidate interface com.ssafy.bundler.repository.CommentRepository; If you want this repository to be a JDBC repository, consider annotating your entities with one of these annotations: org.springframework.data.relational.core.mapping.Table.
?[2m2023-02-06T10:17:53.898+09:00?[0;39m ?[32m INFO?[0;39m ?[35m45049?[0;39m ?[2m---?[0;39m ?[2m[    Test worker]?[0;39m ?[36m.RepositoryConfigurationExtensionSupport?[0;39m ?[2m:?[0;39m Spring Data JDBC - Could not safely identify store assignment for repository candidate interface com.ssafy.bundler.repository.FeedRepository; If you want this repository to be a JDBC repository, consider annotating your entities with one of these annotations: org.springframework.data.relational.core.mapping.Table.
?[2m2023-02-06T10:17:53.899+09:00?[0;39m ?[32m INFO?[0;39m ?[35m45049?[0;39m ?[2m---?[0;39m ?[2m[    Test worker]?[0;39m ?[36m.RepositoryConfigurationExtensionSupport?[0;39m ?[2m:?[0;39m Spring Data JDBC - Could not safely identify store assignment for repository candidate interface com.ssafy.bundler.repository.LinkRepository; If you want this repository to be a JDBC repository, consider annotating your entities with one of these annotations: org.springframework.data.relational.core.mapping.Table.
?[2m2023-02-06T10:17:53.900+09:00?[0;39m ?[32m INFO?[0;39m ?[35m45049?[0;39m ?[2m---?[0;39m ?[2m[    Test worker]?[0;39m ?[36m.RepositoryConfigurationExtensionSupport?[0;39m ?[2m:?[0;39m Spring Data JDBC - Could not safely identify store assignment for repository candidate interface com.ssafy.bundler.repository.UserRepository; If you want this repository to be a JDBC repository, consider annotating your entities with one of these annotations: org.springframework.data.relational.core.mapping.Table.
?[2m2023-02-06T10:17:53.901+09:00?[0;39m ?[32m INFO?[0;39m ?[35m45049?[0;39m ?[2m---?[0;39m ?[2m[    Test worker]?[0;39m ?[36m.s.d.r.c.RepositoryConfigurationDelegate?[0;39m ?[2m:?[0;39m Finished Spring Data repository scanning in 45 ms. Found 0 JDBC repository interfaces.
?[2m2023-02-06T10:17:53.910+09:00?[0;39m ?[32m INFO?[0;39m ?[35m45049?[0;39m ?[2m---?[0;39m ?[2m[    Test worker]?[0;39m ?[36m.s.d.r.c.RepositoryConfigurationDelegate?[0;39m ?[2m:?[0;39m Multiple Spring Data modules found, entering strict repository configuration mode
?[2m2023-02-06T10:17:53.911+09:00?[0;39m ?[32m INFO?[0;39m ?[35m45049?[0;39m ?[2m---?[0;39m ?[2m[    Test worker]?[0;39m ?[36m.s.d.r.c.RepositoryConfigurationDelegate?[0;39m ?[2m:?[0;39m Bootstrapping Spring Data JPA repositories in DEFAULT mode.
?[2m2023-02-06T10:17:53.954+09:00?[0;39m ?[32m INFO?[0;39m ?[35m45049?[0;39m ?[2m---?[0;39m ?[2m[    Test worker]?[0;39m ?[36m.s.d.r.c.RepositoryConfigurationDelegate?[0;39m ?[2m:?[0;39m Finished Spring Data repository scanning in 39 ms. Found 8 JPA repository interfaces.
?[2m2023-02-06T10:17:54.342+09:00?[0;39m ?[32m INFO?[0;39m ?[35m45049?[0;39m ?[2m---?[0;39m ?[2m[    Test worker]?[0;39m ?[36mo.hibernate.jpa.internal.util.LogHelper ?[0;39m ?[2m:?[0;39m HHH000204: Processing PersistenceUnitInfo [name: default]
?[2m2023-02-06T10:17:54.408+09:00?[0;39m ?[32m INFO?[0;39m ?[35m45049?[0;39m ?[2m---?[0;39m ?[2m[    Test worker]?[0;39m ?[36morg.hibernate.Version                   ?[0;39m ?[2m:?[0;39m HHH000412: Hibernate ORM core version 6.1.6.Final
?[2m2023-02-06T10:17:54.556+09:00?[0;39m ?[33m WARN?[0;39m ?[35m45049?[0;39m ?[2m---?[0;39m ?[2m[    Test worker]?[0;39m ?[36morg.hibernate.orm.deprecation           ?[0;39m ?[2m:?[0;39m HHH90000021: Encountered deprecated setting [javax.persistence.sharedCache.mode], use [jakarta.persistence.sharedCache.mode] instead
?[2m2023-02-06T10:17:54.631+09:00?[0;39m ?[32mDEBUG?[0;39m ?[35m45049?[0;39m ?[2m---?[0;39m ?[2m[    Test worker]?[0;39m ?[36mo.h.t.d.jdbc.spi.JdbcTypeRegistry       ?[0;39m ?[2m:?[0;39m addDescriptor(FloatTypeDescriptor) replaced previous registration(DoubleTypeDescriptor)
?[2m2023-02-06T10:17:54.644+09:00?[0;39m ?[32mDEBUG?[0;39m ?[35m45049?[0;39m ?[2m---?[0;39m ?[2m[    Test worker]?[0;39m ?[36morg.hibernate.type.BasicTypeRegistry    ?[0;39m ?[2m:?[0;39m Adding type registration boolean -> org.hibernate.type.BasicTypeReference@29bd85db
?[2m2023-02-06T10:17:54.644+09:00?[0;39m ?[32mDEBUG?[0;39m ?[35m45049?[0;39m ?[2m---?[0;39m ?[2m[    Test worker]?[0;39m ?[36morg.hibernate.type.BasicTypeRegistry    ?[0;39m ?[2m:?[0;39m Adding type registration boolean -> org.hibernate.type.BasicTypeReference@29bd85db
?[2m2023-02-06T10:17:54.644+09:00?[0;39m ?[32mDEBUG?[0;39m ?[35m45049?[0;39m ?[2m---?[0;39m ?[2m[    Test worker]?[0;39m ?[36morg.hibernate.type.BasicTypeRegistry    ?[0;39m ?[2m:?[0;39m Adding type registration java.lang.Boolean -> org.hibernate.type.BasicTypeReference@29bd85db
?[2m2023-02-06T10:17:54.645+09:00?[0;39m ?[32mDEBUG?[0;39m ?[35m45049?[0;39m ?[2m---?[0;39m ?[2m[    Test worker]?[0;39m ?[36morg.hibernate.type.BasicTypeRegistry    ?[0;39m ?[2m:?[0;39m Adding type registration numeric_boolean -> org.hibernate.type.BasicTypeReference@7caf1e5
?[2m2023-02-06T10:17:54.645+09:00?[0;39m ?[32mDEBUG?[0;39m ?[35m45049?[0;39m ?[2m---?[0;39m ?[2m[    Test worker]?[0;39m ?[36morg.hibernate.type.BasicTypeRegistry    ?[0;39m ?[2m:?[0;39m Adding type registration org.hibernate.type.NumericBooleanConverter -> org.hibernate.type.BasicTypeReference@7caf1e5
?[2m2023-02-06T10:17:54.645+09:00?[0;39m ?[32mDEBUG?[0;39m ?[35m45049?[0;39m ?[2m---?[0;39m ?[2m[    Test worker]?[0;39m ?[36morg.hibernate.type.BasicTypeRegistry    ?[0;39m ?[2m:?[0;39m Adding type registration true_false -> org.hibernate.type.BasicTypeReference@5c234920
?[2m2023-02-06T10:17:54.645+09:00?[0;39m ?[32mDEBUG?[0;39m ?[35m45049?[0;39m ?[2m---?[0;39m ?[2m[    Test worker]?[0;39m ?[36morg.hibernate.type.BasicTypeRegistry    ?[0;39m ?[2m:?[0;39m Adding type registration org.hibernate.type.TrueFalseConverter -> org.hibernate.type.BasicTypeReference@5c234920
?[2m2023-02-06T10:17:54.646+09:00?[0;39m ?[32mDEBUG?[0;39m ?[35m45049?[0;39m ?[2m---?[0;39m ?[2m[    Test worker]?[0;39m ?[36morg.hibernate.type.BasicTypeRegistry    ?[0;39m ?[2m:?[0;39m Adding type registration yes_no -> org.hibernate.type.BasicTypeReference@7ddeb27f
?[2m2023-02-06T10:17:54.646+09:00?[0;39m ?[32mDEBUG?[0;39m ?[35m45049?[0;39m ?[2m---?[0;39m ?[2m[    Test worker]?[0;39m ?[36morg.hibernate.type.BasicTypeRegistry    ?[0;39m ?[2m:?[0;39m Adding type registration org.hibernate.type.YesNoConverter -> org.hibernate.type.BasicTypeReference@7ddeb27f
?[2m2023-02-06T10:17:54.646+09:00?[0;39m ?[32mDEBUG?[0;39m ?[35m45049?[0;39m ?[2m---?[0;39m ?[2m[    Test worker]?[0;39m ?[36morg.hibernate.type.BasicTypeRegistry    ?[0;39m ?[2m:?[0;39m Adding type registration byte -> org.hibernate.type.BasicTypeReference@38087342
?[2m2023-02-06T10:17:54.646+09:00?[0;39m ?[32mDEBUG?[0;39m ?[35m45049?[0;39m ?[2m---?[0;39m ?[2m[    Test worker]?[0;39m ?[36morg.hibernate.type.BasicTypeRegistry    ?[0;39m ?[2m:?[0;39m Adding type registration byte -> org.hibernate.type.BasicTypeReference@38087342
?[2m2023-02-06T10:17:54.647+09:00?[0;39m ?[32mDEBUG?[0;39m ?[35m45049?[0;39m ?[2m---?[0;39m ?[2m[    Test worker]?[0;39m ?[36morg.hibernate.type.BasicTypeRegistry    ?[0;39m ?[2m:?[0;39m Adding type registration java.lang.Byte -> org.hibernate.type.BasicTypeReference@38087342
?[2m2023-02-06T10:17:54.647+09:00?[0;39m ?[32mDEBUG?[0;39m ?[35m45049?[0;39m ?[2m---?[0;39m ?[2m[    Test worker]?[0;39m ?[36morg.hibernate.type.BasicTypeRegistry    ?[0;39m ?[2m:?[0;39m Adding type registration binary -> org.hibernate.type.BasicTypeReference@2674d4f6
?[2m2023-02-06T10:17:54.647+09:00?[0;39m ?[32mDEBUG?[0;39m ?[35m45049?[0;39m ?[2m---?[0;39m ?[2m[    Test worker]?[0;39m ?[36morg.hibernate.type.BasicTypeRegistry    ?[0;39m ?[2m:?[0;39m Adding type registration byte[] -> org.hibernate.type.BasicTypeReference@2674d4f6
?[2m2023-02-06T10:17:54.647+09:00?[0;39m ?[32mDEBUG?[0;39m ?[35m45049?[0;39m ?[2m---?[0;39m ?[2m[    Test worker]?[0;39m ?[36morg.hibernate.type.BasicTypeRegistry    ?[0;39m ?[2m:?[0;39m Adding type registration [B -> org.hibernate.type.BasicTypeReference@2674d4f6
?[2m2023-02-06T10:17:54.648+09:00?[0;39m ?[32mDEBUG?[0;39m ?[35m45049?[0;39m ?[2m---?[0;39m ?[2m[    Test worker]?[0;39m ?[36morg.hibernate.type.BasicTypeRegistry    ?[0;39m ?[2m:?[0;39m Adding type registration binary_wrapper -> org.hibernate.type.BasicTypeReference@5d9d2119
?[2m2023-02-06T10:17:54.648+09:00?[0;39m ?[32mDEBUG?[0;39m ?[35m45049?[0;39m ?[2m---?[0;39m ?[2m[    Test worker]?[0;39m ?[36morg.hibernate.type.BasicTypeRegistry    ?[0;39m ?[2m:?[0;39m Adding type registration wrapper-binary -> org.hibernate.type.BasicTypeReference@5d9d2119
?[2m2023-02-06T10:17:54.648+09:00?[0;39m ?[32mDEBUG?[0;39m ?[35m45049?[0;39m ?[2m---?[0;39m ?[2m[    Test worker]?[0;39m ?[36morg.hibernate.type.BasicTypeRegistry    ?[0;39m ?[2m:?[0;39m Adding type registration Byte[] -> org.hibernate.type.BasicTypeReference@5d9d2119
?[2m2023-02-06T10:17:54.648+09:00?[0;39m ?[32mDEBUG?[0;39m ?[35m45049?[0;39m ?[2m---?[0;39m ?[2m[    Test worker]?[0;39m ?[36morg.hibernate.type.BasicTypeRegistry    ?[0;39m ?[2m:?[0;39m Adding type registration [Ljava.lang.Byte; -> org.hibernate.type.BasicTypeReference@5d9d2119
?[2m2023-02-06T10:17:54.648+09:00?[0;39m ?[32mDEBUG?[0;39m ?[35m45049?[0;39m ?[2m---?[0;39m ?[2m[    Test worker]?[0;39m ?[36morg.hibernate.type.BasicTypeRegistry    ?[0;39m ?[2m:?[0;39m Adding type registration image -> org.hibernate.type.BasicTypeReference@5a4464c5
?[2m2023-02-06T10:17:54.649+09:00?[0;39m ?[32mDEBUG?[0;39m ?[35m45049?[0;39m ?[2m---?[0;39m ?[2m[    Test worker]?[0;39m ?[36morg.hibernate.type.BasicTypeRegistry    ?[0;39m ?[2m:?[0;39m Adding type registration blob -> org.hibernate.type.BasicTypeReference@7ae590f6
?[2m2023-02-06T10:17:54.649+09:00?[0;39m ?[32mDEBUG?[0;39m ?[35m45049?[0;39m ?[2m---?[0;39m ?[2m[    Test worker]?[0;39m ?[36morg.hibernate.type.BasicTypeRegistry    ?[0;39m ?[2m:?[0;39m Adding type registration java.sql.Blob -> org.hibernate.type.BasicTypeReference@7ae590f6
?[2m2023-02-06T10:17:54.649+09:00?[0;39m ?[32mDEBUG?[0;39m ?[35m45049?[0;39m ?[2m---?[0;39m ?[2m[    Test worker]?[0;39m ?[36morg.hibernate.type.BasicTypeRegistry    ?[0;39m ?[2m:?[0;39m Adding type registration materialized_blob -> org.hibernate.type.BasicTypeReference@7ab63838
?[2m2023-02-06T10:17:54.649+09:00?[0;39m ?[32mDEBUG?[0;39m ?[35m45049?[0;39m ?[2m---?[0;39m ?[2m[    Test worker]?[0;39m ?[36morg.hibernate.type.BasicTypeRegistry    ?[0;39m ?[2m:?[0;39m Adding type registration materialized_blob_wrapper -> org.hibernate.type.BasicTypeReference@4e974b9e
?[2m2023-02-06T10:17:54.649+09:00?[0;39m ?[32mDEBUG?[0;39m ?[35m45049?[0;39m ?[2m---?[0;39m ?[2m[    Test worker]?[0;39m ?[36morg.hibernate.type.BasicTypeRegistry    ?[0;39m ?[2m:?[0;39m Adding type registration short -> org.hibernate.type.BasicTypeReference@370c7cc5
?[2m2023-02-06T10:17:54.650+09:00?[0;39m ?[32mDEBUG?[0;39m ?[35m45049?[0;39m ?[2m---?[0;39m ?[2m[    Test worker]?[0;39m ?[36morg.hibernate.type.BasicTypeRegistry    ?[0;39m ?[2m:?[0;39m Adding type registration short -> org.hibernate.type.BasicTypeReference@370c7cc5
?[2m2023-02-06T10:17:54.650+09:00?[0;39m ?[32mDEBUG?[0;39m ?[35m45049?[0;39m ?[2m---?[0;39m ?[2m[    Test worker]?[0;39m ?[36morg.hibernate.type.BasicTypeRegistry    ?[0;39m ?[2m:?[0;39m Adding type registration java.lang.Short -> org.hibernate.type.BasicTypeReference@370c7cc5
?[2m2023-02-06T10:17:54.650+09:00?[0;39m ?[32mDEBUG?[0;39m ?[35m45049?[0;39m ?[2m---?[0;39m ?[2m[    Test worker]?[0;39m ?[36morg.hibernate.type.BasicTypeRegistry    ?[0;39m ?[2m:?[0;39m Adding type registration integer -> org.hibernate.type.BasicTypeReference@61b838f2
?[2m2023-02-06T10:17:54.650+09:00?[0;39m ?[32mDEBUG?[0;39m ?[35m45049?[0;39m ?[2m---?[0;39m ?[2m[    Test worker]?[0;39m ?[36morg.hibernate.type.BasicTypeRegistry    ?[0;39m ?[2m:?[0;39m Adding type registration int -> org.hibernate.type.BasicTypeReference@61b838f2
?[2m2023-02-06T10:17:54.651+09:00?[0;39m ?[32mDEBUG?[0;39m ?[35m45049?[0;39m ?[2m---?[0;39m ?[2m[    Test worker]?[0;39m ?[36morg.hibernate.type.BasicTypeRegistry    ?[0;39m ?[2m:?[0;39m Adding type registration java.lang.Integer -> org.hibernate.type.BasicTypeReference@61b838f2
?[2m2023-02-06T10:17:54.651+09:00?[0;39m ?[32mDEBUG?[0;39m ?[35m45049?[0;39m ?[2m---?[0;39m ?[2m[    Test worker]?[0;39m ?[36morg.hibernate.type.BasicTypeRegistry    ?[0;39m ?[2m:?[0;39m Adding type registration long -> org.hibernate.type.BasicTypeReference@2a04ab05
?[2m2023-02-06T10:17:54.651+09:00?[0;39m ?[32mDEBUG?[0;39m ?[35m45049?[0;39m ?[2m---?[0;39m ?[2m[    Test worker]?[0;39m ?[36morg.hibernate.type.BasicTypeRegistry    ?[0;39m ?[2m:?[0;39m Adding type registration long -> org.hibernate.type.BasicTypeReference@2a04ab05
?[2m2023-02-06T10:17:54.651+09:00?[0;39m ?[32mDEBUG?[0;39m ?[35m45049?[0;39m ?[2m---?[0;39m ?[2m[    Test worker]?[0;39m ?[36morg.hibernate.type.BasicTypeRegistry    ?[0;39m ?[2m:?[0;39m Adding type registration java.lang.Long -> org.hibernate.type.BasicTypeReference@2a04ab05
?[2m2023-02-06T10:17:54.651+09:00?[0;39m ?[32mDEBUG?[0;39m ?[35m45049?[0;39m ?[2m---?[0;39m ?[2m[    Test worker]?[0;39m ?[36morg.hibernate.type.BasicTypeRegistry    ?[0;39m ?[2m:?[0;39m Adding type registration float -> org.hibernate.type.BasicTypeReference@5ebbde60
?[2m2023-02-06T10:17:54.651+09:00?[0;39m ?[32mDEBUG?[0;39m ?[35m45049?[0;39m ?[2m---?[0;39m ?[2m[    Test worker]?[0;39m ?[36morg.hibernate.type.BasicTypeRegistry    ?[0;39m ?[2m:?[0;39m Adding type registration float -> org.hibernate.type.BasicTypeReference@5ebbde60
?[2m2023-02-06T10:17:54.652+09:00?[0;39m ?[32mDEBUG?[0;39m ?[35m45049?[0;39m ?[2m---?[0;39m ?[2m[    Test worker]?[0;39m ?[36morg.hibernate.type.BasicTypeRegistry    ?[0;39m ?[2m:?[0;39m Adding type registration java.lang.Float -> org.hibernate.type.BasicTypeReference@5ebbde60
?[2m2023-02-06T10:17:54.652+09:00?[0;39m ?[32mDEBUG?[0;39m ?[35m45049?[0;39m ?[2m---?[0;39m ?[2m[    Test worker]?[0;39m ?[36morg.hibernate.type.BasicTypeRegistry    ?[0;39m ?[2m:?[0;39m Adding type registration double -> org.hibernate.type.BasicTypeReference@a056b26
?[2m2023-02-06T10:17:54.652+09:00?[0;39m ?[32mDEBUG?[0;39m ?[35m45049?[0;39m ?[2m---?[0;39m ?[2m[    Test worker]?[0;39m ?[36morg.hibernate.type.BasicTypeRegistry    ?[0;39m ?[2m:?[0;39m Adding type registration double -> org.hibernate.type.BasicTypeReference@a056b26
?[2m2023-02-06T10:17:54.652+09:00?[0;39m ?[32mDEBUG?[0;39m ?[35m45049?[0;39m ?[2m---?[0;39m ?[2m[    Test worker]?[0;39m ?[36morg.hibernate.type.BasicTypeRegistry    ?[0;39m ?[2m:?[0;39m Adding type registration java.lang.Double -> org.hibernate.type.BasicTypeReference@a056b26
?[2m2023-02-06T10:17:54.653+09:00?[0;39m ?[32mDEBUG?[0;39m ?[35m45049?[0;39m ?[2m---?[0;39m ?[2m[    Test worker]?[0;39m ?[36morg.hibernate.type.BasicTypeRegistry    ?[0;39m ?[2m:?[0;39m Adding type registration big_integer -> org.hibernate.type.BasicTypeReference@2a5abd3c
?[2m2023-02-06T10:17:54.653+09:00?[0;39m ?[32mDEBUG?[0;39m ?[35m45049?[0;39m ?[2m---?[0;39m ?[2m[    Test worker]?[0;39m ?[36morg.hibernate.type.BasicTypeRegistry    ?[0;39m ?[2m:?[0;39m Adding type registration java.math.BigInteger -> org.hibernate.type.BasicTypeReference@2a5abd3c
?[2m2023-02-06T10:17:54.653+09:00?[0;39m ?[32mDEBUG?[0;39m ?[35m45049?[0;39m ?[2m---?[0;39m ?[2m[    Test worker]?[0;39m ?[36morg.hibernate.type.BasicTypeRegistry    ?[0;39m ?[2m:?[0;39m Adding type registration big_decimal -> org.hibernate.type.BasicTypeReference@250967f1
?[2m2023-02-06T10:17:54.653+09:00?[0;39m ?[32mDEBUG?[0;39m ?[35m45049?[0;39m ?[2m---?[0;39m ?[2m[    Test worker]?[0;39m ?[36morg.hibernate.type.BasicTypeRegistry    ?[0;39m ?[2m:?[0;39m Adding type registration java.math.BigDecimal -> org.hibernate.type.BasicTypeReference@250967f1
?[2m2023-02-06T10:17:54.653+09:00?[0;39m ?[32mDEBUG?[0;39m ?[35m45049?[0;39m ?[2m---?[0;39m ?[2m[    Test worker]?[0;39m ?[36morg.hibernate.type.BasicTypeRegistry    ?[0;39m ?[2m:?[0;39m Adding type registration character -> org.hibernate.type.BasicTypeReference@25c1f5ee
?[2m2023-02-06T10:17:54.654+09:00?[0;39m ?[32mDEBUG?[0;39m ?[35m45049?[0;39m ?[2m---?[0;39m ?[2m[    Test worker]?[0;39m ?[36morg.hibernate.type.BasicTypeRegistry    ?[0;39m ?[2m:?[0;39m Adding type registration char -> org.hibernate.type.BasicTypeReference@25c1f5ee
?[2m2023-02-06T10:17:54.654+09:00?[0;39m ?[32mDEBUG?[0;39m ?[35m45049?[0;39m ?[2m---?[0;39m ?[2m[    Test worker]?[0;39m ?[36morg.hibernate.type.BasicTypeRegistry    ?[0;39m ?[2m:?[0;39m Adding type registration java.lang.Character -> org.hibernate.type.BasicTypeReference@25c1f5ee
?[2m2023-02-06T10:17:54.654+09:00?[0;39m ?[32mDEBUG?[0;39m ?[35m45049?[0;39m ?[2m---?[0;39m ?[2m[    Test worker]?[0;39m ?[36morg.hibernate.type.BasicTypeRegistry    ?[0;39m ?[2m:?[0;39m Adding type registration character_nchar -> org.hibernate.type.BasicTypeReference@4bce62b
?[2m2023-02-06T10:17:54.654+09:00?[0;39m ?[32mDEBUG?[0;39m ?[35m45049?[0;39m ?[2m---?[0;39m ?[2m[    Test worker]?[0;39m ?[36morg.hibernate.type.BasicTypeRegistry    ?[0;39m ?[2m:?[0;39m Adding type registration string -> org.hibernate.type.BasicTypeReference@7bf018dd
?[2m2023-02-06T10:17:54.654+09:00?[0;39m ?[32mDEBUG?[0;39m ?[35m45049?[0;39m ?[2m---?[0;39m ?[2m[    Test worker]?[0;39m ?[36morg.hibernate.type.BasicTypeRegistry    ?[0;39m ?[2m:?[0;39m Adding type registration java.lang.String -> org.hibernate.type.BasicTypeReference@7bf018dd
?[2m2023-02-06T10:17:54.654+09:00?[0;39m ?[32mDEBUG?[0;39m ?[35m45049?[0;39m ?[2m---?[0;39m ?[2m[    Test worker]?[0;39m ?[36morg.hibernate.type.BasicTypeRegistry    ?[0;39m ?[2m:?[0;39m Adding type registration nstring -> org.hibernate.type.BasicTypeReference@15a8cebd
?[2m2023-02-06T10:17:54.655+09:00?[0;39m ?[32mDEBUG?[0;39m ?[35m45049?[0;39m ?[2m---?[0;39m ?[2m[    Test worker]?[0;39m ?[36morg.hibernate.type.BasicTypeRegistry    ?[0;39m ?[2m:?[0;39m Adding type registration characters -> org.hibernate.type.BasicTypeReference@3f6c2763
?[2m2023-02-06T10:17:54.655+09:00?[0;39m ?[32mDEBUG?[0;39m ?[35m45049?[0;39m ?[2m---?[0;39m ?[2m[    Test worker]?[0;39m ?[36morg.hibernate.type.BasicTypeRegistry    ?[0;39m ?[2m:?[0;39m Adding type registration char[] -> org.hibernate.type.BasicTypeReference@3f6c2763
?[2m2023-02-06T10:17:54.655+09:00?[0;39m ?[32mDEBUG?[0;39m ?[35m45049?[0;39m ?[2m---?[0;39m ?[2m[    Test worker]?[0;39m ?[36morg.hibernate.type.BasicTypeRegistry    ?[0;39m ?[2m:?[0;39m Adding type registration [C -> org.hibernate.type.BasicTypeReference@3f6c2763
?[2m2023-02-06T10:17:54.655+09:00?[0;39m ?[32mDEBUG?[0;39m ?[35m45049?[0;39m ?[2m---?[0;39m ?[2m[    Test worker]?[0;39m ?[36morg.hibernate.type.BasicTypeRegistry    ?[0;39m ?[2m:?[0;39m Adding type registration wrapper-characters -> org.hibernate.type.BasicTypeReference@5c82031b
?[2m2023-02-06T10:17:54.655+09:00?[0;39m ?[32mDEBUG?[0;39m ?[35m45049?[0;39m ?[2m---?[0;39m ?[2m[    Test worker]?[0;39m ?[36morg.hibernate.type.BasicTypeRegistry    ?[0;39m ?[2m:?[0;39m Adding type registration [Ljava.lang.Character; -> org.hibernate.type.BasicTypeReference@5c82031b
?[2m2023-02-06T10:17:54.655+09:00?[0;39m ?[32mDEBUG?[0;39m ?[35m45049?[0;39m ?[2m---?[0;39m ?[2m[    Test worker]?[0;39m ?[36morg.hibernate.type.BasicTypeRegistry    ?[0;39m ?[2m:?[0;39m Adding type registration Character[] -> org.hibernate.type.BasicTypeReference@5c82031b
?[2m2023-02-06T10:17:54.655+09:00?[0;39m ?[32mDEBUG?[0;39m ?[35m45049?[0;39m ?[2m---?[0;39m ?[2m[    Test worker]?[0;39m ?[36morg.hibernate.type.BasicTypeRegistry    ?[0;39m ?[2m:?[0;39m Adding type registration text -> org.hibernate.type.BasicTypeReference@274fdea6
?[2m2023-02-06T10:17:54.656+09:00?[0;39m ?[32mDEBUG?[0;39m ?[35m45049?[0;39m ?[2m---?[0;39m ?[2m[    Test worker]?[0;39m ?[36morg.hibernate.type.BasicTypeRegistry    ?[0;39m ?[2m:?[0;39m Adding type registration ntext -> org.hibernate.type.BasicTypeReference@74c121d4
?[2m2023-02-06T10:17:54.656+09:00?[0;39m ?[32mDEBUG?[0;39m ?[35m45049?[0;39m ?[2m---?[0;39m ?[2m[    Test worker]?[0;39m ?[36morg.hibernate.type.BasicTypeRegistry    ?[0;39m ?[2m:?[0;39m Adding type registration clob -> org.hibernate.type.BasicTypeReference@2a484710
?[2m2023-02-06T10:17:54.656+09:00?[0;39m ?[32mDEBUG?[0;39m ?[35m45049?[0;39m ?[2m---?[0;39m ?[2m[    Test worker]?[0;39m ?[36morg.hibernate.type.BasicTypeRegistry    ?[0;39m ?[2m:?[0;39m Adding type registration java.sql.Clob -> org.hibernate.type.BasicTypeReference@2a484710
?[2m2023-02-06T10:17:54.656+09:00?[0;39m ?[32mDEBUG?[0;39m ?[35m45049?[0;39m ?[2m---?[0;39m ?[2m[    Test worker]?[0;39m ?[36morg.hibernate.type.BasicTypeRegistry    ?[0;39m ?[2m:?[0;39m Adding type registration nclob -> org.hibernate.type.BasicTypeReference@661e1399
?[2m2023-02-06T10:17:54.656+09:00?[0;39m ?[32mDEBUG?[0;39m ?[35m45049?[0;39m ?[2m---?[0;39m ?[2m[    Test worker]?[0;39m ?[36morg.hibernate.type.BasicTypeRegistry    ?[0;39m ?[2m:?[0;39m Adding type registration java.sql.NClob -> org.hibernate.type.BasicTypeReference@661e1399
?[2m2023-02-06T10:17:54.656+09:00?[0;39m ?[32mDEBUG?[0;39m ?[35m45049?[0;39m ?[2m---?[0;39m ?[2m[    Test worker]?[0;39m ?[36morg.hibernate.type.BasicTypeRegistry    ?[0;39m ?[2m:?[0;39m Adding type registration materialized_clob -> org.hibernate.type.BasicTypeReference@3ffd4b12
?[2m2023-02-06T10:17:54.656+09:00?[0;39m ?[32mDEBUG?[0;39m ?[35m45049?[0;39m ?[2m---?[0;39m ?[2m[    Test worker]?[0;39m ?[36morg.hibernate.type.BasicTypeRegistry    ?[0;39m ?[2m:?[0;39m Adding type registration materialized_clob_char_array -> org.hibernate.type.BasicTypeReference@424f02b8
?[2m2023-02-06T10:17:54.657+09:00?[0;39m ?[32mDEBUG?[0;39m ?[35m45049?[0;39m ?[2m---?[0;39m ?[2m[    Test worker]?[0;39m ?[36morg.hibernate.type.BasicTypeRegistry    ?[0;39m ?[2m:?[0;39m Adding type registration materialized_clob_character_array -> org.hibernate.type.BasicTypeReference@2ad7bd26
?[2m2023-02-06T10:17:54.657+09:00?[0;39m ?[32mDEBUG?[0;39m ?[35m45049?[0;39m ?[2m---?[0;39m ?[2m[    Test worker]?[0;39m ?[36morg.hibernate.type.BasicTypeRegistry    ?[0;39m ?[2m:?[0;39m Adding type registration materialized_nclob -> org.hibernate.type.BasicTypeReference@3cc3f13e
?[2m2023-02-06T10:17:54.657+09:00?[0;39m ?[32mDEBUG?[0;39m ?[35m45049?[0;39m ?[2m---?[0;39m ?[2m[    Test worker]?[0;39m ?[36morg.hibernate.type.BasicTypeRegistry    ?[0;39m ?[2m:?[0;39m Adding type registration materialized_nclob_character_array -> org.hibernate.type.BasicTypeReference@69b3886f
?[2m2023-02-06T10:17:54.657+09:00?[0;39m ?[32mDEBUG?[0;39m ?[35m45049?[0;39m ?[2m---?[0;39m ?[2m[    Test worker]?[0;39m ?[36morg.hibernate.type.BasicTypeRegistry    ?[0;39m ?[2m:?[0;39m Adding type registration materialized_nclob_char_array -> org.hibernate.type.BasicTypeReference@53d30d23
?[2m2023-02-06T10:17:54.657+09:00?[0;39m ?[32mDEBUG?[0;39m ?[35m45049?[0;39m ?[2m---?[0;39m ?[2m[    Test worker]?[0;39m ?[36morg.hibernate.type.BasicTypeRegistry    ?[0;39m ?[2m:?[0;39m Adding type registration Duration -> org.hibernate.type.BasicTypeReference@44faa4f2
?[2m2023-02-06T10:17:54.657+09:00?[0;39m ?[32mDEBUG?[0;39m ?[35m45049?[0;39m ?[2m---?[0;39m ?[2m[    Test worker]?[0;39m ?[36morg.hibernate.type.BasicTypeRegistry    ?[0;39m ?[2m:?[0;39m Adding type registration java.time.Duration -> org.hibernate.type.BasicTypeReference@44faa4f2
?[2m2023-02-06T10:17:54.657+09:00?[0;39m ?[32mDEBUG?[0;39m ?[35m45049?[0;39m ?[2m---?[0;39m ?[2m[    Test worker]?[0;39m ?[36morg.hibernate.type.BasicTypeRegistry    ?[0;39m ?[2m:?[0;39m Adding type registration LocalDateTime -> org.hibernate.type.BasicTypeReference@6793f752
?[2m2023-02-06T10:17:54.658+09:00?[0;39m ?[32mDEBUG?[0;39m ?[35m45049?[0;39m ?[2m---?[0;39m ?[2m[    Test worker]?[0;39m ?[36morg.hibernate.type.BasicTypeRegistry    ?[0;39m ?[2m:?[0;39m Adding type registration java.time.LocalDateTime -> org.hibernate.type.BasicTypeReference@6793f752
?[2m2023-02-06T10:17:54.658+09:00?[0;39m ?[32mDEBUG?[0;39m ?[35m45049?[0;39m ?[2m---?[0;39m ?[2m[    Test worker]?[0;39m ?[36morg.hibernate.type.BasicTypeRegistry    ?[0;39m ?[2m:?[0;39m Adding type registration LocalDate -> org.hibernate.type.BasicTypeReference@1216eb3f
?[2m2023-02-06T10:17:54.658+09:00?[0;39m ?[32mDEBUG?[0;39m ?[35m45049?[0;39m ?[2m---?[0;39m ?[2m[    Test worker]?[0;39m ?[36morg.hibernate.type.BasicTypeRegistry    ?[0;39m ?[2m:?[0;39m Adding type registration java.time.LocalDate -> org.hibernate.type.BasicTypeReference@1216eb3f
?[2m2023-02-06T10:17:54.658+09:00?[0;39m ?[32mDEBUG?[0;39m ?[35m45049?[0;39m ?[2m---?[0;39m ?[2m[    Test worker]?[0;39m ?[36morg.hibernate.type.BasicTypeRegistry    ?[0;39m ?[2m:?[0;39m Adding type registration LocalTime -> org.hibernate.type.BasicTypeReference@59e7564b
?[2m2023-02-06T10:17:54.658+09:00?[0;39m ?[32mDEBUG?[0;39m ?[35m45049?[0;39m ?[2m---?[0;39m ?[2m[    Test worker]?[0;39m ?[36morg.hibernate.type.BasicTypeRegistry    ?[0;39m ?[2m:?[0;39m Adding type registration java.time.LocalTime -> org.hibernate.type.BasicTypeReference@59e7564b
?[2m2023-02-06T10:17:54.658+09:00?[0;39m ?[32mDEBUG?[0;39m ?[35m45049?[0;39m ?[2m---?[0;39m ?[2m[    Test worker]?[0;39m ?[36morg.hibernate.type.BasicTypeRegistry    ?[0;39m ?[2m:?[0;39m Adding type registration OffsetDateTime -> org.hibernate.type.BasicTypeReference@482ba4b1
?[2m2023-02-06T10:17:54.659+09:00?[0;39m ?[32mDEBUG?[0;39m ?[35m45049?[0;39m ?[2m---?[0;39m ?[2m[    Test worker]?[0;39m ?[36morg.hibernate.type.BasicTypeRegistry    ?[0;39m ?[2m:?[0;39m Adding type registration java.time.OffsetDateTime -> org.hibernate.type.BasicTypeReference@482ba4b1
?[2m2023-02-06T10:17:54.659+09:00?[0;39m ?[32mDEBUG?[0;39m ?[35m45049?[0;39m ?[2m---?[0;39m ?[2m[    Test worker]?[0;39m ?[36morg.hibernate.type.BasicTypeRegistry    ?[0;39m ?[2m:?[0;39m Adding type registration OffsetDateTimeWithTimezone -> org.hibernate.type.BasicTypeReference@307af381
?[2m2023-02-06T10:17:54.659+09:00?[0;39m ?[32mDEBUG?[0;39m ?[35m45049?[0;39m ?[2m---?[0;39m ?[2m[    Test worker]?[0;39m ?[36morg.hibernate.type.BasicTypeRegistry    ?[0;39m ?[2m:?[0;39m Adding type registration OffsetDateTimeWithoutTimezone -> org.hibernate.type.BasicTypeReference@1510b9a2
?[2m2023-02-06T10:17:54.659+09:00?[0;39m ?[32mDEBUG?[0;39m ?[35m45049?[0;39m ?[2m---?[0;39m ?[2m[    Test worker]?[0;39m ?[36morg.hibernate.type.BasicTypeRegistry    ?[0;39m ?[2m:?[0;39m Adding type registration OffsetTime -> org.hibernate.type.BasicTypeReference@76a6f045
?[2m2023-02-06T10:17:54.659+09:00?[0;39m ?[32mDEBUG?[0;39m ?[35m45049?[0;39m ?[2m---?[0;39m ?[2m[    Test worker]?[0;39m ?[36morg.hibernate.type.BasicTypeRegistry    ?[0;39m ?[2m:?[0;39m Adding type registration java.time.OffsetTime -> org.hibernate.type.BasicTypeReference@76a6f045
?[2m2023-02-06T10:17:54.659+09:00?[0;39m ?[32mDEBUG?[0;39m ?[35m45049?[0;39m ?[2m---?[0;39m ?[2m[    Test worker]?[0;39m ?[36morg.hibernate.type.BasicTypeRegistry    ?[0;39m ?[2m:?[0;39m Adding type registration ZonedDateTime -> org.hibernate.type.BasicTypeReference@633ddc0c
?[2m2023-02-06T10:17:54.659+09:00?[0;39m ?[32mDEBUG?[0;39m ?[35m45049?[0;39m ?[2m---?[0;39m ?[2m[    Test worker]?[0;39m ?[36morg.hibernate.type.BasicTypeRegistry    ?[0;39m ?[2m:?[0;39m Adding type registration java.time.ZonedDateTime -> org.hibernate.type.BasicTypeReference@633ddc0c
?[2m2023-02-06T10:17:54.660+09:00?[0;39m ?[32mDEBUG?[0;39m ?[35m45049?[0;39m ?[2m---?[0;39m ?[2m[    Test worker]?[0;39m ?[36morg.hibernate.type.BasicTypeRegistry    ?[0;39m ?[2m:?[0;39m Adding type registration ZonedDateTimeWithTimezone -> org.hibernate.type.BasicTypeReference@4bcdd11
?[2m2023-02-06T10:17:54.660+09:00?[0;39m ?[32mDEBUG?[0;39m ?[35m45049?[0;39m ?[2m---?[0;39m ?[2m[    Test worker]?[0;39m ?[36morg.hibernate.type.BasicTypeRegistry    ?[0;39m ?[2m:?[0;39m Adding type registration ZonedDateTimeWithoutTimezone -> org.hibernate.type.BasicTypeReference@1471b98d
?[2m2023-02-06T10:17:54.660+09:00?[0;39m ?[32mDEBUG?[0;39m ?[35m45049?[0;39m ?[2m---?[0;39m ?[2m[    Test worker]?[0;39m ?[36morg.hibernate.type.BasicTypeRegistry    ?[0;39m ?[2m:?[0;39m Adding type registration date -> org.hibernate.type.BasicTypeReference@5514579e
?[2m2023-02-06T10:17:54.660+09:00?[0;39m ?[32mDEBUG?[0;39m ?[35m45049?[0;39m ?[2m---?[0;39m ?[2m[    Test worker]?[0;39m ?[36morg.hibernate.type.BasicTypeRegistry    ?[0;39m ?[2m:?[0;39m Adding type registration java.sql.Date -> org.hibernate.type.BasicTypeReference@5514579e
?[2m2023-02-06T10:17:54.660+09:00?[0;39m ?[32mDEBUG?[0;39m ?[35m45049?[0;39m ?[2m---?[0;39m ?[2m[    Test worker]?[0;39m ?[36morg.hibernate.type.BasicTypeRegistry    ?[0;39m ?[2m:?[0;39m Adding type registration time -> org.hibernate.type.BasicTypeReference@58c42c8c
?[2m2023-02-06T10:17:54.660+09:00?[0;39m ?[32mDEBUG?[0;39m ?[35m45049?[0;39m ?[2m---?[0;39m ?[2m[    Test worker]?[0;39m ?[36morg.hibernate.type.BasicTypeRegistry    ?[0;39m ?[2m:?[0;39m Adding type registration java.sql.Time -> org.hibernate.type.BasicTypeReference@58c42c8c
?[2m2023-02-06T10:17:54.661+09:00?[0;39m ?[32mDEBUG?[0;39m ?[35m45049?[0;39m ?[2m---?[0;39m ?[2m[    Test worker]?[0;39m ?[36morg.hibernate.type.BasicTypeRegistry    ?[0;39m ?[2m:?[0;39m Adding type registration timestamp -> org.hibernate.type.BasicTypeReference@3af236d0
?[2m2023-02-06T10:17:54.661+09:00?[0;39m ?[32mDEBUG?[0;39m ?[35m45049?[0;39m ?[2m---?[0;39m ?[2m[    Test worker]?[0;39m ?[36morg.hibernate.type.BasicTypeRegistry    ?[0;39m ?[2m:?[0;39m Adding type registration java.sql.Timestamp -> org.hibernate.type.BasicTypeReference@3af236d0
?[2m2023-02-06T10:17:54.661+09:00?[0;39m ?[32mDEBUG?[0;39m ?[35m45049?[0;39m ?[2m---?[0;39m ?[2m[    Test worker]?[0;39m ?[36morg.hibernate.type.BasicTypeRegistry    ?[0;39m ?[2m:?[0;39m Adding type registration java.util.Date -> org.hibernate.type.BasicTypeReference@3af236d0
?[2m2023-02-06T10:17:54.661+09:00?[0;39m ?[32mDEBUG?[0;39m ?[35m45049?[0;39m ?[2m---?[0;39m ?[2m[    Test worker]?[0;39m ?[36morg.hibernate.type.BasicTypeRegistry    ?[0;39m ?[2m:?[0;39m Adding type registration calendar -> org.hibernate.type.BasicTypeReference@23564dd2
?[2m2023-02-06T10:17:54.661+09:00?[0;39m ?[32mDEBUG?[0;39m ?[35m45049?[0;39m ?[2m---?[0;39m ?[2m[    Test worker]?[0;39m ?[36morg.hibernate.type.BasicTypeRegistry    ?[0;39m ?[2m:?[0;39m Adding type registration java.util.Calendar -> org.hibernate.type.BasicTypeReference@23564dd2
?[2m2023-02-06T10:17:54.662+09:00?[0;39m ?[32mDEBUG?[0;39m ?[35m45049?[0;39m ?[2m---?[0;39m ?[2m[    Test worker]?[0;39m ?[36morg.hibernate.type.BasicTypeRegistry    ?[0;39m ?[2m:?[0;39m Adding type registration java.util.GregorianCalendar -> org.hibernate.type.BasicTypeReference@23564dd2
?[2m2023-02-06T10:17:54.662+09:00?[0;39m ?[32mDEBUG?[0;39m ?[35m45049?[0;39m ?[2m---?[0;39m ?[2m[    Test worker]?[0;39m ?[36morg.hibernate.type.BasicTypeRegistry    ?[0;39m ?[2m:?[0;39m Adding type registration calendar_date -> org.hibernate.type.BasicTypeReference@54895681
?[2m2023-02-06T10:17:54.662+09:00?[0;39m ?[32mDEBUG?[0;39m ?[35m45049?[0;39m ?[2m---?[0;39m ?[2m[    Test worker]?[0;39m ?[36morg.hibernate.type.BasicTypeRegistry    ?[0;39m ?[2m:?[0;39m Adding type registration calendar_time -> org.hibernate.type.BasicTypeReference@2dd0a0d0
?[2m2023-02-06T10:17:54.662+09:00?[0;39m ?[32mDEBUG?[0;39m ?[35m45049?[0;39m ?[2m---?[0;39m ?[2m[    Test worker]?[0;39m ?[36morg.hibernate.type.BasicTypeRegistry    ?[0;39m ?[2m:?[0;39m Adding type registration instant -> org.hibernate.type.BasicTypeReference@6bf570c
?[2m2023-02-06T10:17:54.662+09:00?[0;39m ?[32mDEBUG?[0;39m ?[35m45049?[0;39m ?[2m---?[0;39m ?[2m[    Test worker]?[0;39m ?[36morg.hibernate.type.BasicTypeRegistry    ?[0;39m ?[2m:?[0;39m Adding type registration java.time.Instant -> org.hibernate.type.BasicTypeReference@6bf570c
?[2m2023-02-06T10:17:54.663+09:00?[0;39m ?[32mDEBUG?[0;39m ?[35m45049?[0;39m ?[2m---?[0;39m ?[2m[    Test worker]?[0;39m ?[36morg.hibernate.type.BasicTypeRegistry    ?[0;39m ?[2m:?[0;39m Adding type registration uuid -> org.hibernate.type.BasicTypeReference@1796b2d4
?[2m2023-02-06T10:17:54.663+09:00?[0;39m ?[32mDEBUG?[0;39m ?[35m45049?[0;39m ?[2m---?[0;39m ?[2m[    Test worker]?[0;39m ?[36morg.hibernate.type.BasicTypeRegistry    ?[0;39m ?[2m:?[0;39m Adding type registration java.util.UUID -> org.hibernate.type.BasicTypeReference@1796b2d4
?[2m2023-02-06T10:17:54.663+09:00?[0;39m ?[32mDEBUG?[0;39m ?[35m45049?[0;39m ?[2m---?[0;39m ?[2m[    Test worker]?[0;39m ?[36morg.hibernate.type.BasicTypeRegistry    ?[0;39m ?[2m:?[0;39m Adding type registration pg-uuid -> org.hibernate.type.BasicTypeReference@1796b2d4
?[2m2023-02-06T10:17:54.664+09:00?[0;39m ?[32mDEBUG?[0;39m ?[35m45049?[0;39m ?[2m---?[0;39m ?[2m[    Test worker]?[0;39m ?[36morg.hibernate.type.BasicTypeRegistry    ?[0;39m ?[2m:?[0;39m Adding type registration uuid-binary -> org.hibernate.type.BasicTypeReference@935d3f9
?[2m2023-02-06T10:17:54.664+09:00?[0;39m ?[32mDEBUG?[0;39m ?[35m45049?[0;39m ?[2m---?[0;39m ?[2m[    Test worker]?[0;39m ?[36morg.hibernate.type.BasicTypeRegistry    ?[0;39m ?[2m:?[0;39m Adding type registration uuid-char -> org.hibernate.type.BasicTypeReference@214b342f
?[2m2023-02-06T10:17:54.665+09:00?[0;39m ?[32mDEBUG?[0;39m ?[35m45049?[0;39m ?[2m---?[0;39m ?[2m[    Test worker]?[0;39m ?[36morg.hibernate.type.BasicTypeRegistry    ?[0;39m ?[2m:?[0;39m Adding type registration class -> org.hibernate.type.BasicTypeReference@5db0003d
?[2m2023-02-06T10:17:54.665+09:00?[0;39m ?[32mDEBUG?[0;39m ?[35m45049?[0;39m ?[2m---?[0;39m ?[2m[    Test worker]?[0;39m ?[36morg.hibernate.type.BasicTypeRegistry    ?[0;39m ?[2m:?[0;39m Adding type registration java.lang.Class -> org.hibernate.type.BasicTypeReference@5db0003d
?[2m2023-02-06T10:17:54.665+09:00?[0;39m ?[32mDEBUG?[0;39m ?[35m45049?[0;39m ?[2m---?[0;39m ?[2m[    Test worker]?[0;39m ?[36morg.hibernate.type.BasicTypeRegistry    ?[0;39m ?[2m:?[0;39m Adding type registration currency -> org.hibernate.type.BasicTypeReference@7f12094d
?[2m2023-02-06T10:17:54.665+09:00?[0;39m ?[32mDEBUG?[0;39m ?[35m45049?[0;39m ?[2m---?[0;39m ?[2m[    Test worker]?[0;39m ?[36morg.hibernate.type.BasicTypeRegistry    ?[0;39m ?[2m:?[0;39m Adding type registration Currency -> org.hibernate.type.BasicTypeReference@7f12094d
?[2m2023-02-06T10:17:54.665+09:00?[0;39m ?[32mDEBUG?[0;39m ?[35m45049?[0;39m ?[2m---?[0;39m ?[2m[    Test worker]?[0;39m ?[36morg.hibernate.type.BasicTypeRegistry    ?[0;39m ?[2m:?[0;39m Adding type registration java.util.Currency -> org.hibernate.type.BasicTypeReference@7f12094d
?[2m2023-02-06T10:17:54.665+09:00?[0;39m ?[32mDEBUG?[0;39m ?[35m45049?[0;39m ?[2m---?[0;39m ?[2m[    Test worker]?[0;39m ?[36morg.hibernate.type.BasicTypeRegistry    ?[0;39m ?[2m:?[0;39m Adding type registration locale -> org.hibernate.type.BasicTypeReference@589fb74d
?[2m2023-02-06T10:17:54.665+09:00?[0;39m ?[32mDEBUG?[0;39m ?[35m45049?[0;39m ?[2m---?[0;39m ?[2m[    Test worker]?[0;39m ?[36morg.hibernate.type.BasicTypeRegistry    ?[0;39m ?[2m:?[0;39m Adding type registration java.util.Locale -> org.hibernate.type.BasicTypeReference@589fb74d
?[2m2023-02-06T10:17:54.666+09:00?[0;39m ?[32mDEBUG?[0;39m ?[35m45049?[0;39m ?[2m---?[0;39m ?[2m[    Test worker]?[0;39m ?[36morg.hibernate.type.BasicTypeRegistry    ?[0;39m ?[2m:?[0;39m Adding type registration serializable -> org.hibernate.type.BasicTypeReference@200d1a3d
?[2m2023-02-06T10:17:54.666+09:00?[0;39m ?[32mDEBUG?[0;39m ?[35m45049?[0;39m ?[2m---?[0;39m ?[2m[    Test worker]?[0;39m ?[36morg.hibernate.type.BasicTypeRegistry    ?[0;39m ?[2m:?[0;39m Adding type registration java.io.Serializable -> org.hibernate.type.BasicTypeReference@200d1a3d
?[2m2023-02-06T10:17:54.666+09:00?[0;39m ?[32mDEBUG?[0;39m ?[35m45049?[0;39m ?[2m---?[0;39m ?[2m[    Test worker]?[0;39m ?[36morg.hibernate.type.BasicTypeRegistry    ?[0;39m ?[2m:?[0;39m Adding type registration timezone -> org.hibernate.type.BasicTypeReference@7de147e9
?[2m2023-02-06T10:17:54.666+09:00?[0;39m ?[32mDEBUG?[0;39m ?[35m45049?[0;39m ?[2m---?[0;39m ?[2m[    Test worker]?[0;39m ?[36morg.hibernate.type.BasicTypeRegistry    ?[0;39m ?[2m:?[0;39m Adding type registration java.util.TimeZone -> org.hibernate.type.BasicTypeReference@7de147e9
?[2m2023-02-06T10:17:54.666+09:00?[0;39m ?[32mDEBUG?[0;39m ?[35m45049?[0;39m ?[2m---?[0;39m ?[2m[    Test worker]?[0;39m ?[36morg.hibernate.type.BasicTypeRegistry    ?[0;39m ?[2m:?[0;39m Adding type registration ZoneOffset -> org.hibernate.type.BasicTypeReference@12567179
?[2m2023-02-06T10:17:54.666+09:00?[0;39m ?[32mDEBUG?[0;39m ?[35m45049?[0;39m ?[2m---?[0;39m ?[2m[    Test worker]?[0;39m ?[36morg.hibernate.type.BasicTypeRegistry    ?[0;39m ?[2m:?[0;39m Adding type registration java.time.ZoneOffset -> org.hibernate.type.BasicTypeReference@12567179
?[2m2023-02-06T10:17:54.667+09:00?[0;39m ?[32mDEBUG?[0;39m ?[35m45049?[0;39m ?[2m---?[0;39m ?[2m[    Test worker]?[0;39m ?[36morg.hibernate.type.BasicTypeRegistry    ?[0;39m ?[2m:?[0;39m Adding type registration url -> org.hibernate.type.BasicTypeReference@37d699a1
?[2m2023-02-06T10:17:54.667+09:00?[0;39m ?[32mDEBUG?[0;39m ?[35m45049?[0;39m ?[2m---?[0;39m ?[2m[    Test worker]?[0;39m ?[36morg.hibernate.type.BasicTypeRegistry    ?[0;39m ?[2m:?[0;39m Adding type registration java.net.URL -> org.hibernate.type.BasicTypeReference@37d699a1
?[2m2023-02-06T10:17:54.667+09:00?[0;39m ?[32mDEBUG?[0;39m ?[35m45049?[0;39m ?[2m---?[0;39m ?[2m[    Test worker]?[0;39m ?[36morg.hibernate.type.BasicTypeRegistry    ?[0;39m ?[2m:?[0;39m Adding type registration row_version -> org.hibernate.type.BasicTypeReference@7f42b194
?[2m2023-02-06T10:17:54.673+09:00?[0;39m ?[32mDEBUG?[0;39m ?[35m45049?[0;39m ?[2m---?[0;39m ?[2m[    Test worker]?[0;39m ?[36morg.hibernate.type.BasicTypeRegistry    ?[0;39m ?[2m:?[0;39m Adding type registration dbtimestamp -> org.hibernate.type.DbTimestampType@1ab53860
?[2m2023-02-06T10:17:54.673+09:00?[0;39m ?[32mDEBUG?[0;39m ?[35m45049?[0;39m ?[2m---?[0;39m ?[2m[    Test worker]?[0;39m ?[36morg.hibernate.type.BasicTypeRegistry    ?[0;39m ?[2m:?[0;39m Adding type registration dbtimestamp -> org.hibernate.type.DbTimestampType@1ab53860
?[2m2023-02-06T10:17:54.676+09:00?[0;39m ?[32mDEBUG?[0;39m ?[35m45049?[0;39m ?[2m---?[0;39m ?[2m[    Test worker]?[0;39m ?[36morg.hibernate.type.BasicTypeRegistry    ?[0;39m ?[2m:?[0;39m Adding type registration object -> org.hibernate.type.JavaObjectType@b5d9f1e
?[2m2023-02-06T10:17:54.676+09:00?[0;39m ?[32mDEBUG?[0;39m ?[35m45049?[0;39m ?[2m---?[0;39m ?[2m[    Test worker]?[0;39m ?[36morg.hibernate.type.BasicTypeRegistry    ?[0;39m ?[2m:?[0;39m Adding type registration java.lang.Object -> org.hibernate.type.JavaObjectType@b5d9f1e
?[2m2023-02-06T10:17:54.678+09:00?[0;39m ?[32mDEBUG?[0;39m ?[35m45049?[0;39m ?[2m---?[0;39m ?[2m[    Test worker]?[0;39m ?[36morg.hibernate.type.BasicTypeRegistry    ?[0;39m ?[2m:?[0;39m Adding type registration null -> org.hibernate.type.NullType@2e2f20b8
?[2m2023-02-06T10:17:54.678+09:00?[0;39m ?[32mDEBUG?[0;39m ?[35m45049?[0;39m ?[2m---?[0;39m ?[2m[    Test worker]?[0;39m ?[36morg.hibernate.type.BasicTypeRegistry    ?[0;39m ?[2m:?[0;39m Adding type registration imm_date -> org.hibernate.type.BasicTypeReference@504497fa
?[2m2023-02-06T10:17:54.679+09:00?[0;39m ?[32mDEBUG?[0;39m ?[35m45049?[0;39m ?[2m---?[0;39m ?[2m[    Test worker]?[0;39m ?[36morg.hibernate.type.BasicTypeRegistry    ?[0;39m ?[2m:?[0;39m Adding type registration imm_time -> org.hibernate.type.BasicTypeReference@5618fc1f
?[2m2023-02-06T10:17:54.679+09:00?[0;39m ?[32mDEBUG?[0;39m ?[35m45049?[0;39m ?[2m---?[0;39m ?[2m[    Test worker]?[0;39m ?[36morg.hibernate.type.BasicTypeRegistry    ?[0;39m ?[2m:?[0;39m Adding type registration imm_timestamp -> org.hibernate.type.BasicTypeReference@60b1ff3b
?[2m2023-02-06T10:17:54.679+09:00?[0;39m ?[32mDEBUG?[0;39m ?[35m45049?[0;39m ?[2m---?[0;39m ?[2m[    Test worker]?[0;39m ?[36morg.hibernate.type.BasicTypeRegistry    ?[0;39m ?[2m:?[0;39m Adding type registration imm_calendar -> org.hibernate.type.BasicTypeReference@374c3975
?[2m2023-02-06T10:17:54.679+09:00?[0;39m ?[32mDEBUG?[0;39m ?[35m45049?[0;39m ?[2m---?[0;39m ?[2m[    Test worker]?[0;39m ?[36morg.hibernate.type.BasicTypeRegistry    ?[0;39m ?[2m:?[0;39m Adding type registration imm_calendar_date -> org.hibernate.type.BasicTypeReference@43c39321
?[2m2023-02-06T10:17:54.679+09:00?[0;39m ?[32mDEBUG?[0;39m ?[35m45049?[0;39m ?[2m---?[0;39m ?[2m[    Test worker]?[0;39m ?[36morg.hibernate.type.BasicTypeRegistry    ?[0;39m ?[2m:?[0;39m Adding type registration imm_calendar_time -> org.hibernate.type.BasicTypeReference@52aa7742
?[2m2023-02-06T10:17:54.680+09:00?[0;39m ?[32mDEBUG?[0;39m ?[35m45049?[0;39m ?[2m---?[0;39m ?[2m[    Test worker]?[0;39m ?[36morg.hibernate.type.BasicTypeRegistry    ?[0;39m ?[2m:?[0;39m Adding type registration imm_binary -> org.hibernate.type.BasicTypeReference@3d0d120b
?[2m2023-02-06T10:17:54.680+09:00?[0;39m ?[32mDEBUG?[0;39m ?[35m45049?[0;39m ?[2m---?[0;39m ?[2m[    Test worker]?[0;39m ?[36morg.hibernate.type.BasicTypeRegistry    ?[0;39m ?[2m:?[0;39m Adding type registration imm_serializable -> org.hibernate.type.BasicTypeReference@6b5c134e
?[2m2023-02-06T10:17:54.722+09:00?[0;39m ?[32m INFO?[0;39m ?[35m45049?[0;39m ?[2m---?[0;39m ?[2m[    Test worker]?[0;39m ?[36mcom.zaxxer.hikari.HikariDataSource      ?[0;39m ?[2m:?[0;39m HikariPool-1 - Starting...
?[2m2023-02-06T10:17:56.243+09:00?[0;39m ?[32m INFO?[0;39m ?[35m45049?[0;39m ?[2m---?[0;39m ?[2m[    Test worker]?[0;39m ?[36mcom.zaxxer.hikari.pool.HikariPool       ?[0;39m ?[2m:?[0;39m HikariPool-1 - Added connection com.mysql.cj.jdbc.ConnectionImpl@5f6a8efe
?[2m2023-02-06T10:17:56.248+09:00?[0;39m ?[32m INFO?[0;39m ?[35m45049?[0;39m ?[2m---?[0;39m ?[2m[    Test worker]?[0;39m ?[36mcom.zaxxer.hikari.HikariDataSource      ?[0;39m ?[2m:?[0;39m HikariPool-1 - Start completed.
?[2m2023-02-06T10:17:56.858+09:00?[0;39m ?[32m INFO?[0;39m ?[35m45049?[0;39m ?[2m---?[0;39m ?[2m[    Test worker]?[0;39m ?[36mSQL dialect                             ?[0;39m ?[2m:?[0;39m HHH000400: Using dialect: org.hibernate.dialect.MySQLDialect
?[2m2023-02-06T10:17:56.886+09:00?[0;39m ?[32mDEBUG?[0;39m ?[35m45049?[0;39m ?[2m---?[0;39m ?[2m[    Test worker]?[0;39m ?[36mo.h.t.d.sql.spi.DdlTypeRegistry         ?[0;39m ?[2m:?[0;39m addDescriptor(12, org.hibernate.type.descriptor.sql.internal.CapacityDependentDdlType@1131aead) replaced previous registration(org.hibernate.type.descriptor.sql.internal.CapacityDependentDdlType@7d126083)
?[2m2023-02-06T10:17:56.886+09:00?[0;39m ?[32mDEBUG?[0;39m ?[35m45049?[0;39m ?[2m---?[0;39m ?[2m[    Test worker]?[0;39m ?[36mo.h.t.d.sql.spi.DdlTypeRegistry         ?[0;39m ?[2m:?[0;39m addDescriptor(-9, org.hibernate.type.descriptor.sql.internal.CapacityDependentDdlType@76ffc17c) replaced previous registration(org.hibernate.type.descriptor.sql.internal.CapacityDependentDdlType@3a8fb023)
?[2m2023-02-06T10:17:56.887+09:00?[0;39m ?[32mDEBUG?[0;39m ?[35m45049?[0;39m ?[2m---?[0;39m ?[2m[    Test worker]?[0;39m ?[36mo.h.t.d.sql.spi.DdlTypeRegistry         ?[0;39m ?[2m:?[0;39m addDescriptor(-3, org.hibernate.type.descriptor.sql.internal.CapacityDependentDdlType@26d73519) replaced previous registration(org.hibernate.type.descriptor.sql.internal.CapacityDependentDdlType@48af5f38)
?[2m2023-02-06T10:17:56.887+09:00?[0;39m ?[32mDEBUG?[0;39m ?[35m45049?[0;39m ?[2m---?[0;39m ?[2m[    Test worker]?[0;39m ?[36mo.h.t.d.sql.spi.DdlTypeRegistry         ?[0;39m ?[2m:?[0;39m addDescriptor(4003, org.hibernate.type.descriptor.sql.internal.DdlTypeImpl@40538370) replaced previous registration(org.hibernate.type.descriptor.sql.internal.DdlTypeImpl@71a2df1)
?[2m2023-02-06T10:17:56.887+09:00?[0;39m ?[32mDEBUG?[0;39m ?[35m45049?[0;39m ?[2m---?[0;39m ?[2m[    Test worker]?[0;39m ?[36mo.h.t.d.sql.spi.DdlTypeRegistry         ?[0;39m ?[2m:?[0;39m addDescriptor(4001, org.hibernate.type.descriptor.sql.internal.DdlTypeImpl@18faaff6) replaced previous registration(org.hibernate.type.descriptor.sql.internal.DdlTypeImpl@2a9e754e)
?[2m2023-02-06T10:17:56.887+09:00?[0;39m ?[32mDEBUG?[0;39m ?[35m45049?[0;39m ?[2m---?[0;39m ?[2m[    Test worker]?[0;39m ?[36mo.h.t.d.sql.spi.DdlTypeRegistry         ?[0;39m ?[2m:?[0;39m addDescriptor(4002, org.hibernate.type.descriptor.sql.internal.DdlTypeImpl@760a2b6e) replaced previous registration(org.hibernate.type.descriptor.sql.internal.DdlTypeImpl@20a9f5fb)
?[2m2023-02-06T10:17:56.887+09:00?[0;39m ?[32mDEBUG?[0;39m ?[35m45049?[0;39m ?[2m---?[0;39m ?[2m[    Test worker]?[0;39m ?[36mo.h.t.d.sql.spi.DdlTypeRegistry         ?[0;39m ?[2m:?[0;39m addDescriptor(2004, org.hibernate.type.descriptor.sql.internal.CapacityDependentDdlType@6d617b07) replaced previous registration(org.hibernate.type.descriptor.sql.internal.DdlTypeImpl@340c57e0)
?[2m2023-02-06T10:17:56.888+09:00?[0;39m ?[32mDEBUG?[0;39m ?[35m45049?[0;39m ?[2m---?[0;39m ?[2m[    Test worker]?[0;39m ?[36mo.h.t.d.sql.spi.DdlTypeRegistry         ?[0;39m ?[2m:?[0;39m addDescriptor(2005, org.hibernate.type.descriptor.sql.internal.CapacityDependentDdlType@137a4b54) replaced previous registration(org.hibernate.type.descriptor.sql.internal.DdlTypeImpl@7c9372ed)
?[2m2023-02-06T10:17:56.888+09:00?[0;39m ?[32mDEBUG?[0;39m ?[35m45049?[0;39m ?[2m---?[0;39m ?[2m[    Test worker]?[0;39m ?[36mo.h.t.d.sql.spi.DdlTypeRegistry         ?[0;39m ?[2m:?[0;39m addDescriptor(2011, org.hibernate.type.descriptor.sql.internal.CapacityDependentDdlType@1acc873b) replaced previous registration(org.hibernate.type.descriptor.sql.internal.DdlTypeImpl@4ca970d5)
?[2m2023-02-06T10:17:56.890+09:00?[0;39m ?[32mDEBUG?[0;39m ?[35m45049?[0;39m ?[2m---?[0;39m ?[2m[    Test worker]?[0;39m ?[36mo.h.t.d.jdbc.spi.JdbcTypeRegistry       ?[0;39m ?[2m:?[0;39m addDescriptor(NCharTypeDescriptor) replaced previous registration(CharTypeDescriptor)
?[2m2023-02-06T10:17:56.890+09:00?[0;39m ?[32mDEBUG?[0;39m ?[35m45049?[0;39m ?[2m---?[0;39m ?[2m[    Test worker]?[0;39m ?[36mo.h.t.d.jdbc.spi.JdbcTypeRegistry       ?[0;39m ?[2m:?[0;39m addDescriptor(NVarcharTypeDescriptor) replaced previous registration(VarcharTypeDescriptor)
?[2m2023-02-06T10:17:56.891+09:00?[0;39m ?[32mDEBUG?[0;39m ?[35m45049?[0;39m ?[2m---?[0;39m ?[2m[    Test worker]?[0;39m ?[36mo.h.t.d.jdbc.spi.JdbcTypeRegistry       ?[0;39m ?[2m:?[0;39m addDescriptor(LongNVarcharTypeDescriptor) replaced previous registration(LongVarcharTypeDescriptor)
?[2m2023-02-06T10:17:56.893+09:00?[0;39m ?[32mDEBUG?[0;39m ?[35m45049?[0;39m ?[2m---?[0;39m ?[2m[    Test worker]?[0;39m ?[36mo.h.t.d.jdbc.spi.JdbcTypeRegistry       ?[0;39m ?[2m:?[0;39m addDescriptor(NClobTypeDescriptor(DEFAULT)) replaced previous registration(ClobTypeDescriptor(DEFAULT))
?[2m2023-02-06T10:17:56.893+09:00?[0;39m ?[32mDEBUG?[0;39m ?[35m45049?[0;39m ?[2m---?[0;39m ?[2m[    Test worker]?[0;39m ?[36mo.h.t.d.jdbc.spi.JdbcTypeRegistry       ?[0;39m ?[2m:?[0;39m addDescriptor(2005, ClobTypeDescriptor(STREAM_BINDING)) replaced previous registration(ClobTypeDescriptor(DEFAULT))
?[2m2023-02-06T10:17:56.896+09:00?[0;39m ?[32mDEBUG?[0;39m ?[35m45049?[0;39m ?[2m---?[0;39m ?[2m[    Test worker]?[0;39m ?[36morg.hibernate.type.BasicTypeRegistry    ?[0;39m ?[2m:?[0;39m Adding type registration null -> org.hibernate.type.NullType@d949bc4
?[2m2023-02-06T10:17:56.896+09:00?[0;39m ?[32mDEBUG?[0;39m ?[35m45049?[0;39m ?[2m---?[0;39m ?[2m[    Test worker]?[0;39m ?[36morg.hibernate.type.BasicTypeRegistry    ?[0;39m ?[2m:?[0;39m Type registration key [null] overrode previous entry : `org.hibernate.type.NullType@2e2f20b8`
?[2m2023-02-06T10:17:56.901+09:00?[0;39m ?[32mDEBUG?[0;39m ?[35m45049?[0;39m ?[2m---?[0;39m ?[2m[    Test worker]?[0;39m ?[36morg.hibernate.type.BasicTypeRegistry    ?[0;39m ?[2m:?[0;39m Adding type registration org.hibernate.type.OffsetDateTimeType -> basicType@1(java.time.OffsetDateTime,93)
?[2m2023-02-06T10:17:56.901+09:00?[0;39m ?[32mDEBUG?[0;39m ?[35m45049?[0;39m ?[2m---?[0;39m ?[2m[    Test worker]?[0;39m ?[36morg.hibernate.type.BasicTypeRegistry    ?[0;39m ?[2m:?[0;39m Adding type registration OffsetDateTime -> basicType@1(java.time.OffsetDateTime,93)
?[2m2023-02-06T10:17:56.901+09:00?[0;39m ?[32mDEBUG?[0;39m ?[35m45049?[0;39m ?[2m---?[0;39m ?[2m[    Test worker]?[0;39m ?[36morg.hibernate.type.BasicTypeRegistry    ?[0;39m ?[2m:?[0;39m Adding type registration java.time.OffsetDateTime -> basicType@1(java.time.OffsetDateTime,93)
?[2m2023-02-06T10:17:56.901+09:00?[0;39m ?[32mDEBUG?[0;39m ?[35m45049?[0;39m ?[2m---?[0;39m ?[2m[    Test worker]?[0;39m ?[36morg.hibernate.type.BasicTypeRegistry    ?[0;39m ?[2m:?[0;39m Adding type registration org.hibernate.type.ZonedDateTimeType -> basicType@2(java.time.ZonedDateTime,93)
?[2m2023-02-06T10:17:56.902+09:00?[0;39m ?[32mDEBUG?[0;39m ?[35m45049?[0;39m ?[2m---?[0;39m ?[2m[    Test worker]?[0;39m ?[36morg.hibernate.type.BasicTypeRegistry    ?[0;39m ?[2m:?[0;39m Adding type registration ZonedDateTime -> basicType@2(java.time.ZonedDateTime,93)
?[2m2023-02-06T10:17:56.902+09:00?[0;39m ?[32mDEBUG?[0;39m ?[35m45049?[0;39m ?[2m---?[0;39m ?[2m[    Test worker]?[0;39m ?[36morg.hibernate.type.BasicTypeRegistry    ?[0;39m ?[2m:?[0;39m Adding type registration java.time.ZonedDateTime -> basicType@2(java.time.ZonedDateTime,93)
?[2m2023-02-06T10:17:56.907+09:00?[0;39m ?[32mDEBUG?[0;39m ?[35m45049?[0;39m ?[2m---?[0;39m ?[2m[    Test worker]?[0;39m ?[36mo.h.type.spi.TypeConfiguration$Scope    ?[0;39m ?[2m:?[0;39m Scoping TypeConfiguration [org.hibernate.type.spi.TypeConfiguration@5909ae90] to MetadataBuildingContext [org.hibernate.boot.internal.MetadataBuildingContextRootImpl@4489f60f]
?[2m2023-02-06T10:17:56.988+09:00?[0;39m ?[33m WARN?[0;39m ?[35m45049?[0;39m ?[2m---?[0;39m ?[2m[    Test worker]?[0;39m ?[36mo.h.cfg.annotations.EntityBinder        ?[0;39m ?[2m:?[0;39m HHH000457: Joined inheritance hierarchy [com.ssafy.bundler.domain.Feed] defined explicit @DiscriminatorColumn.  Legacy Hibernate behavior was to ignore the @DiscriminatorColumn.  However, as part of issue HHH-6911 we now apply the explicit @DiscriminatorColumn.  If you would prefer the legacy behavior, enable the `hibernate.discriminator.ignore_explicit_for_joined` setting (hibernate.discriminator.ignore_explicit_for_joined=true)
?[2m2023-02-06T10:17:57.077+09:00?[0;39m ?[33m WARN?[0;39m ?[35m45049?[0;39m ?[2m---?[0;39m ?[2m[    Test worker]?[0;39m ?[36mo.h.cfg.annotations.EntityBinder        ?[0;39m ?[2m:?[0;39m HHH000133: Discriminator column has to be defined in the root entity, it will be ignored in subclass: com.ssafy.bundler.domain.Card
?[2m2023-02-06T10:17:57.385+09:00?[0;39m ?[32mDEBUG?[0;39m ?[35m45049?[0;39m ?[2m---?[0;39m ?[2m[    Test worker]?[0;39m ?[36mo.h.type.spi.TypeConfiguration$Scope    ?[0;39m ?[2m:?[0;39m Scoping TypeConfiguration [org.hibernate.type.spi.TypeConfiguration@5909ae90] to SessionFactoryImplementor [org.hibernate.internal.SessionFactoryImpl@47ae6c18]
?[2m2023-02-06T10:17:57.980+09:00?[0;39m ?[32mDEBUG?[0;39m ?[35m45049?[0;39m ?[2m---?[0;39m ?[2m[    Test worker]?[0;39m ?[36morg.hibernate.SQL                       ?[0;39m ?[2m:?[0;39m alter table bundles drop foreign key FKg4dv419y6rev8v5j8w9oy9ddi
Hibernate: alter table bundles drop foreign key FKg4dv419y6rev8v5j8w9oy9ddi
?[2m2023-02-06T10:17:58.286+09:00?[0;39m ?[32mDEBUG?[0;39m ?[35m45049?[0;39m ?[2m---?[0;39m ?[2m[    Test worker]?[0;39m ?[36morg.hibernate.SQL                       ?[0;39m ?[2m:?[0;39m alter table card_bundle drop foreign key FK4ylyf0orbc7ynhv8iuns8flt8
Hibernate: alter table card_bundle drop foreign key FK4ylyf0orbc7ynhv8iuns8flt8
?[2m2023-02-06T10:17:58.492+09:00?[0;39m ?[32mDEBUG?[0;39m ?[35m45049?[0;39m ?[2m---?[0;39m ?[2m[    Test worker]?[0;39m ?[36morg.hibernate.SQL                       ?[0;39m ?[2m:?[0;39m alter table card_bundle drop foreign key FK7i4iu26uphv1y5ufymyonil5x
Hibernate: alter table card_bundle drop foreign key FK7i4iu26uphv1y5ufymyonil5x
?[2m2023-02-06T10:17:59.005+09:00?[0;39m ?[32mDEBUG?[0;39m ?[35m45049?[0;39m ?[2m---?[0;39m ?[2m[    Test worker]?[0;39m ?[36morg.hibernate.SQL                       ?[0;39m ?[2m:?[0;39m alter table cards drop foreign key FKi6ob3092decyic7dw6ltbu5h6
Hibernate: alter table cards drop foreign key FKi6ob3092decyic7dw6ltbu5h6
?[2m2023-02-06T10:17:59.208+09:00?[0;39m ?[32mDEBUG?[0;39m ?[35m45049?[0;39m ?[2m---?[0;39m ?[2m[    Test worker]?[0;39m ?[36morg.hibernate.SQL                       ?[0;39m ?[2m:?[0;39m alter table cards drop foreign key FKbm2fmd4ubr8axjw1g213dhv92
Hibernate: alter table cards drop foreign key FKbm2fmd4ubr8axjw1g213dhv92
?[2m2023-02-06T10:17:59.412+09:00?[0;39m ?[32mDEBUG?[0;39m ?[35m45049?[0;39m ?[2m---?[0;39m ?[2m[    Test worker]?[0;39m ?[36morg.hibernate.SQL                       ?[0;39m ?[2m:?[0;39m alter table categories drop foreign key FKjkx20sbxme0d95lmo94b9f4u1
Hibernate: alter table categories drop foreign key FKjkx20sbxme0d95lmo94b9f4u1
?[2m2023-02-06T10:17:59.617+09:00?[0;39m ?[32mDEBUG?[0;39m ?[35m45049?[0;39m ?[2m---?[0;39m ?[2m[    Test worker]?[0;39m ?[36morg.hibernate.SQL                       ?[0;39m ?[2m:?[0;39m alter table comments drop foreign key FK8omq0tc18jd43bu5tjh6jvraq
Hibernate: alter table comments drop foreign key FK8omq0tc18jd43bu5tjh6jvraq
?[2m2023-02-06T10:17:59.823+09:00?[0;39m ?[32mDEBUG?[0;39m ?[35m45049?[0;39m ?[2m---?[0;39m ?[2m[    Test worker]?[0;39m ?[36morg.hibernate.SQL                       ?[0;39m ?[2m:?[0;39m alter table comments drop foreign key FKtkh5bu2eiao6weakchx22ffqh
Hibernate: alter table comments drop foreign key FKtkh5bu2eiao6weakchx22ffqh
?[2m2023-02-06T10:18:00.030+09:00?[0;39m ?[32mDEBUG?[0;39m ?[35m45049?[0;39m ?[2m---?[0;39m ?[2m[    Test worker]?[0;39m ?[36morg.hibernate.SQL                       ?[0;39m ?[2m:?[0;39m alter table feed_like drop foreign key FKsybvsbssnb8q7nqng5gvht442
Hibernate: alter table feed_like drop foreign key FKsybvsbssnb8q7nqng5gvht442
?[2m2023-02-06T10:18:00.233+09:00?[0;39m ?[32mDEBUG?[0;39m ?[35m45049?[0;39m ?[2m---?[0;39m ?[2m[    Test worker]?[0;39m ?[36morg.hibernate.SQL                       ?[0;39m ?[2m:?[0;39m alter table feed_like drop foreign key FKht7sg59oaw8w3bcrbgbeip8u7
Hibernate: alter table feed_like drop foreign key FKht7sg59oaw8w3bcrbgbeip8u7
?[2m2023-02-06T10:18:00.436+09:00?[0;39m ?[32mDEBUG?[0;39m ?[35m45049?[0;39m ?[2m---?[0;39m ?[2m[    Test worker]?[0;39m ?[36morg.hibernate.SQL                       ?[0;39m ?[2m:?[0;39m alter table feeds drop foreign key FKa4nmt7wyx9clm9okj61dgd1tw
Hibernate: alter table feeds drop foreign key FKa4nmt7wyx9clm9okj61dgd1tw
?[2m2023-02-06T10:18:00.949+09:00?[0;39m ?[32mDEBUG?[0;39m ?[35m45049?[0;39m ?[2m---?[0;39m ?[2m[    Test worker]?[0;39m ?[36morg.hibernate.SQL                       ?[0;39m ?[2m:?[0;39m alter table follows drop foreign key FKqow46kixdqantbxw2fotnkgd6
Hibernate: alter table follows drop foreign key FKqow46kixdqantbxw2fotnkgd6
?[2m2023-02-06T10:18:01.155+09:00?[0;39m ?[32mDEBUG?[0;39m ?[35m45049?[0;39m ?[2m---?[0;39m ?[2m[    Test worker]?[0;39m ?[36morg.hibernate.SQL                       ?[0;39m ?[2m:?[0;39m alter table follows drop foreign key FK5aun26ib1bealgujbfkvrhaa1
Hibernate: alter table follows drop foreign key FK5aun26ib1bealgujbfkvrhaa1
?[2m2023-02-06T10:18:01.358+09:00?[0;39m ?[32mDEBUG?[0;39m ?[35m45049?[0;39m ?[2m---?[0;39m ?[2m[    Test worker]?[0;39m ?[36morg.hibernate.SQL                       ?[0;39m ?[2m:?[0;39m alter table links drop foreign key FKxrti1ggb40dm2bxxgf7i1st0
Hibernate: alter table links drop foreign key FKxrti1ggb40dm2bxxgf7i1st0
?[2m2023-02-06T10:18:01.666+09:00?[0;39m ?[32mDEBUG?[0;39m ?[35m45049?[0;39m ?[2m---?[0;39m ?[2m[    Test worker]?[0;39m ?[36morg.hibernate.SQL                       ?[0;39m ?[2m:?[0;39m alter table user_card_hit drop foreign key FK86hr8jl2wtk7delcmodibfusn
Hibernate: alter table user_card_hit drop foreign key FK86hr8jl2wtk7delcmodibfusn
?[2m2023-02-06T10:18:01.871+09:00?[0;39m ?[32mDEBUG?[0;39m ?[35m45049?[0;39m ?[2m---?[0;39m ?[2m[    Test worker]?[0;39m ?[36morg.hibernate.SQL                       ?[0;39m ?[2m:?[0;39m alter table user_card_hit drop foreign key FKiwsjvf6jkt9idjqtcaqmh9q4d
Hibernate: alter table user_card_hit drop foreign key FKiwsjvf6jkt9idjqtcaqmh9q4d
?[2m2023-02-06T10:18:02.077+09:00?[0;39m ?[32mDEBUG?[0;39m ?[35m45049?[0;39m ?[2m---?[0;39m ?[2m[    Test worker]?[0;39m ?[36morg.hibernate.SQL                       ?[0;39m ?[2m:?[0;39m drop table if exists bundles
Hibernate: drop table if exists bundles
?[2m2023-02-06T10:18:02.280+09:00?[0;39m ?[32mDEBUG?[0;39m ?[35m45049?[0;39m ?[2m---?[0;39m ?[2m[    Test worker]?[0;39m ?[36morg.hibernate.SQL                       ?[0;39m ?[2m:?[0;39m drop table if exists card_bundle
Hibernate: drop table if exists card_bundle
?[2m2023-02-06T10:18:02.486+09:00?[0;39m ?[32mDEBUG?[0;39m ?[35m45049?[0;39m ?[2m---?[0;39m ?[2m[    Test worker]?[0;39m ?[36morg.hibernate.SQL                       ?[0;39m ?[2m:?[0;39m drop table if exists cards
Hibernate: drop table if exists cards
?[2m2023-02-06T10:18:02.998+09:00?[0;39m ?[32mDEBUG?[0;39m ?[35m45049?[0;39m ?[2m---?[0;39m ?[2m[    Test worker]?[0;39m ?[36morg.hibernate.SQL                       ?[0;39m ?[2m:?[0;39m drop table if exists categories
Hibernate: drop table if exists categories
?[2m2023-02-06T10:18:03.203+09:00?[0;39m ?[32mDEBUG?[0;39m ?[35m45049?[0;39m ?[2m---?[0;39m ?[2m[    Test worker]?[0;39m ?[36morg.hibernate.SQL                       ?[0;39m ?[2m:?[0;39m drop table if exists comments
Hibernate: drop table if exists comments
?[2m2023-02-06T10:18:03.410+09:00?[0;39m ?[32mDEBUG?[0;39m ?[35m45049?[0;39m ?[2m---?[0;39m ?[2m[    Test worker]?[0;39m ?[36morg.hibernate.SQL                       ?[0;39m ?[2m:?[0;39m drop table if exists comments_seq
Hibernate: drop table if exists comments_seq
?[2m2023-02-06T10:18:03.611+09:00?[0;39m ?[32mDEBUG?[0;39m ?[35m45049?[0;39m ?[2m---?[0;39m ?[2m[    Test worker]?[0;39m ?[36morg.hibernate.SQL                       ?[0;39m ?[2m:?[0;39m drop table if exists feed_like
Hibernate: drop table if exists feed_like
?[2m2023-02-06T10:18:03.816+09:00?[0;39m ?[32mDEBUG?[0;39m ?[35m45049?[0;39m ?[2m---?[0;39m ?[2m[    Test worker]?[0;39m ?[36morg.hibernate.SQL                       ?[0;39m ?[2m:?[0;39m drop table if exists feeds
Hibernate: drop table if exists feeds
?[2m2023-02-06T10:18:04.023+09:00?[0;39m ?[32mDEBUG?[0;39m ?[35m45049?[0;39m ?[2m---?[0;39m ?[2m[    Test worker]?[0;39m ?[36morg.hibernate.SQL                       ?[0;39m ?[2m:?[0;39m drop table if exists follows
Hibernate: drop table if exists follows
?[2m2023-02-06T10:18:04.225+09:00?[0;39m ?[32mDEBUG?[0;39m ?[35m45049?[0;39m ?[2m---?[0;39m ?[2m[    Test worker]?[0;39m ?[36morg.hibernate.SQL                       ?[0;39m ?[2m:?[0;39m drop table if exists links
Hibernate: drop table if exists links
?[2m2023-02-06T10:18:04.430+09:00?[0;39m ?[32mDEBUG?[0;39m ?[35m45049?[0;39m ?[2m---?[0;39m ?[2m[    Test worker]?[0;39m ?[36morg.hibernate.SQL                       ?[0;39m ?[2m:?[0;39m drop table if exists user_card_hit
Hibernate: drop table if exists user_card_hit
?[2m2023-02-06T10:18:04.943+09:00?[0;39m ?[32mDEBUG?[0;39m ?[35m45049?[0;39m ?[2m---?[0;39m ?[2m[    Test worker]?[0;39m ?[36morg.hibernate.SQL                       ?[0;39m ?[2m:?[0;39m drop table if exists users
Hibernate: drop table if exists users
?[2m2023-02-06T10:18:05.152+09:00?[0;39m ?[32mDEBUG?[0;39m ?[35m45049?[0;39m ?[2m---?[0;39m ?[2m[    Test worker]?[0;39m ?[36morg.hibernate.SQL                       ?[0;39m ?[2m:?[0;39m create table bundles (bundle_id bigint not null, bundle_thumbnail varchar(255), bundle_thumbnail_text varchar(255), is_bundle_public bit, primary key (bundle_id)) engine=InnoDB
Hibernate: create table bundles (bundle_id bigint not null, bundle_thumbnail varchar(255), bundle_thumbnail_text varchar(255), is_bundle_public bit, primary key (bundle_id)) engine=InnoDB
?[2m2023-02-06T10:18:05.352+09:00?[0;39m ?[32mDEBUG?[0;39m ?[35m45049?[0;39m ?[2m---?[0;39m ?[2m[    Test worker]?[0;39m ?[36morg.hibernate.SQL                       ?[0;39m ?[2m:?[0;39m create table card_bundle (card_bundle_id bigint not null auto_increment, bundle_id bigint, card_id bigint, primary key (card_bundle_id)) engine=InnoDB
Hibernate: create table card_bundle (card_bundle_id bigint not null auto_increment, bundle_id bigint, card_id bigint, primary key (card_bundle_id)) engine=InnoDB
?[2m2023-02-06T10:18:05.559+09:00?[0;39m ?[32mDEBUG?[0;39m ?[35m45049?[0;39m ?[2m---?[0;39m ?[2m[    Test worker]?[0;39m ?[36morg.hibernate.SQL                       ?[0;39m ?[2m:?[0;39m create table cards (card_commentary varchar(255), card_description varchar(255), card_id bigint not null, card_scrap_cnt integer, card_type varchar(255), category_id bigint, primary key (card_id)) engine=InnoDB
Hibernate: create table cards (card_commentary varchar(255), card_description varchar(255), card_id bigint not null, card_scrap_cnt integer, card_type varchar(255), category_id bigint, primary key (card_id)) engine=InnoDB
?[2m2023-02-06T10:18:06.174+09:00?[0;39m ?[32mDEBUG?[0;39m ?[35m45049?[0;39m ?[2m---?[0;39m ?[2m[    Test worker]?[0;39m ?[36morg.hibernate.SQL                       ?[0;39m ?[2m:?[0;39m create table categories (category_id bigint not null auto_increment, category_name varchar(255), category_parent_id bigint, primary key (category_id)) engine=InnoDB
Hibernate: create table categories (category_id bigint not null auto_increment, category_name varchar(255), category_parent_id bigint, primary key (category_id)) engine=InnoDB
?[2m2023-02-06T10:18:06.376+09:00?[0;39m ?[32mDEBUG?[0;39m ?[35m45049?[0;39m ?[2m---?[0;39m ?[2m[    Test worker]?[0;39m ?[36morg.hibernate.SQL                       ?[0;39m ?[2m:?[0;39m create table comments (comment_id bigint not null, created_at datetime(6), updated_at datetime(6), comment_content varchar(255), feed_id bigint, user_id bigint, primary key (comment_id)) engine=InnoDB
Hibernate: create table comments (comment_id bigint not null, created_at datetime(6), updated_at datetime(6), comment_content varchar(255), feed_id bigint, user_id bigint, primary key (comment_id)) engine=InnoDB
?[2m2023-02-06T10:18:06.583+09:00?[0;39m ?[32mDEBUG?[0;39m ?[35m45049?[0;39m ?[2m---?[0;39m ?[2m[    Test worker]?[0;39m ?[36morg.hibernate.SQL                       ?[0;39m ?[2m:?[0;39m create table comments_seq (next_val bigint) engine=InnoDB
Hibernate: create table comments_seq (next_val bigint) engine=InnoDB
?[2m2023-02-06T10:18:06.785+09:00?[0;39m ?[32mDEBUG?[0;39m ?[35m45049?[0;39m ?[2m---?[0;39m ?[2m[    Test worker]?[0;39m ?[36morg.hibernate.SQL                       ?[0;39m ?[2m:?[0;39m insert into comments_seq values ( 1 )
Hibernate: insert into comments_seq values ( 1 )
?[2m2023-02-06T10:18:06.991+09:00?[0;39m ?[32mDEBUG?[0;39m ?[35m45049?[0;39m ?[2m---?[0;39m ?[2m[    Test worker]?[0;39m ?[36morg.hibernate.SQL                       ?[0;39m ?[2m:?[0;39m create table feed_like (feed_like_id bigint not null auto_increment, user_id bigint, feed_id bigint, primary key (feed_like_id)) engine=InnoDB
Hibernate: create table feed_like (feed_like_id bigint not null auto_increment, user_id bigint, feed_id bigint, primary key (feed_like_id)) engine=InnoDB
?[2m2023-02-06T10:18:07.196+09:00?[0;39m ?[32mDEBUG?[0;39m ?[35m45049?[0;39m ?[2m---?[0;39m ?[2m[    Test worker]?[0;39m ?[36morg.hibernate.SQL                       ?[0;39m ?[2m:?[0;39m create table feeds (feed_type varchar(31) not null, feed_id bigint not null auto_increment, created_at datetime(6), updated_at datetime(6), feed_comment_cnt integer, feed_content varchar(255), feed_like_cnt integer, feed_title varchar(255), is_deleted bit, user_id bigint, primary key (feed_id)) engine=InnoDB
Hibernate: create table feeds (feed_type varchar(31) not null, feed_id bigint not null auto_increment, created_at datetime(6), updated_at datetime(6), feed_comment_cnt integer, feed_content varchar(255), feed_like_cnt integer, feed_title varchar(255), is_deleted bit, user_id bigint, primary key (feed_id)) engine=InnoDB
?[2m2023-02-06T10:18:07.400+09:00?[0;39m ?[32mDEBUG?[0;39m ?[35m45049?[0;39m ?[2m---?[0;39m ?[2m[    Test worker]?[0;39m ?[36morg.hibernate.SQL                       ?[0;39m ?[2m:?[0;39m create table follows (follow_id bigint not null auto_increment, created_at datetime(6), updated_at datetime(6), follow_from_id bigint, follow_to_id bigint, primary key (follow_id)) engine=InnoDB
Hibernate: create table follows (follow_id bigint not null auto_increment, created_at datetime(6), updated_at datetime(6), follow_from_id bigint, follow_to_id bigint, primary key (follow_id)) engine=InnoDB
?[2m2023-02-06T10:18:07.606+09:00?[0;39m ?[32mDEBUG?[0;39m ?[35m45049?[0;39m ?[2m---?[0;39m ?[2m[    Test worker]?[0;39m ?[36morg.hibernate.SQL                       ?[0;39m ?[2m:?[0;39m create table links (link_description varchar(255), link_id bigint not null, link_image varchar(255), link_title varchar(255), link_url varchar(255) not null, primary key (link_id)) engine=InnoDB
Hibernate: create table links (link_description varchar(255), link_id bigint not null, link_image varchar(255), link_title varchar(255), link_url varchar(255) not null, primary key (link_id)) engine=InnoDB
?[2m2023-02-06T10:18:08.118+09:00?[0;39m ?[32mDEBUG?[0;39m ?[35m45049?[0;39m ?[2m---?[0;39m ?[2m[    Test worker]?[0;39m ?[36morg.hibernate.SQL                       ?[0;39m ?[2m:?[0;39m create table user_card_hit (user_card_id bigint not null auto_increment, user_submit varchar(255), card_id bigint, user_id bigint, primary key (user_card_id)) engine=InnoDB
Hibernate: create table user_card_hit (user_card_id bigint not null auto_increment, user_submit varchar(255), card_id bigint, user_id bigint, primary key (user_card_id)) engine=InnoDB
?[2m2023-02-06T10:18:08.324+09:00?[0;39m ?[32mDEBUG?[0;39m ?[35m45049?[0;39m ?[2m---?[0;39m ?[2m[    Test worker]?[0;39m ?[36morg.hibernate.SQL                       ?[0;39m ?[2m:?[0;39m create table users (user_id bigint not null auto_increment, created_at datetime(6), updated_at datetime(6), is_deleted bit, user_email varchar(255), user_introduction varchar(255), user_nickname varchar(255), user_password varchar(255), user_profile_image varchar(255), primary key (user_id)) engine=InnoDB
Hibernate: create table users (user_id bigint not null auto_increment, created_at datetime(6), updated_at datetime(6), is_deleted bit, user_email varchar(255), user_introduction varchar(255), user_nickname varchar(255), user_password varchar(255), user_profile_image varchar(255), primary key (user_id)) engine=InnoDB
?[2m2023-02-06T10:18:08.630+09:00?[0;39m ?[32mDEBUG?[0;39m ?[35m45049?[0;39m ?[2m---?[0;39m ?[2m[    Test worker]?[0;39m ?[36morg.hibernate.SQL                       ?[0;39m ?[2m:?[0;39m alter table users add constraint UK_33uo7vet9c79ydfuwg1w848f unique (user_email)
Hibernate: alter table users add constraint UK_33uo7vet9c79ydfuwg1w848f unique (user_email)
?[2m2023-02-06T10:18:08.835+09:00?[0;39m ?[32mDEBUG?[0;39m ?[35m45049?[0;39m ?[2m---?[0;39m ?[2m[    Test worker]?[0;39m ?[36morg.hibernate.SQL                       ?[0;39m ?[2m:?[0;39m alter table users add constraint UK_r7e3xe2uqjaef83lw9tpmc8ql unique (user_nickname)
Hibernate: alter table users add constraint UK_r7e3xe2uqjaef83lw9tpmc8ql unique (user_nickname)
?[2m2023-02-06T10:18:09.038+09:00?[0;39m ?[32mDEBUG?[0;39m ?[35m45049?[0;39m ?[2m---?[0;39m ?[2m[    Test worker]?[0;39m ?[36morg.hibernate.SQL                       ?[0;39m ?[2m:?[0;39m alter table bundles add constraint FKg4dv419y6rev8v5j8w9oy9ddi foreign key (bundle_id) references feeds (feed_id)
Hibernate: alter table bundles add constraint FKg4dv419y6rev8v5j8w9oy9ddi foreign key (bundle_id) references feeds (feed_id)
?[2m2023-02-06T10:18:09.346+09:00?[0;39m ?[32mDEBUG?[0;39m ?[35m45049?[0;39m ?[2m---?[0;39m ?[2m[    Test worker]?[0;39m ?[36morg.hibernate.SQL                       ?[0;39m ?[2m:?[0;39m alter table card_bundle add constraint FK4ylyf0orbc7ynhv8iuns8flt8 foreign key (bundle_id) references bundles (bundle_id)
Hibernate: alter table card_bundle add constraint FK4ylyf0orbc7ynhv8iuns8flt8 foreign key (bundle_id) references bundles (bundle_id)
?[2m2023-02-06T10:18:09.653+09:00?[0;39m ?[32mDEBUG?[0;39m ?[35m45049?[0;39m ?[2m---?[0;39m ?[2m[    Test worker]?[0;39m ?[36morg.hibernate.SQL                       ?[0;39m ?[2m:?[0;39m alter table card_bundle add constraint FK7i4iu26uphv1y5ufymyonil5x foreign key (card_id) references cards (card_id)
Hibernate: alter table card_bundle add constraint FK7i4iu26uphv1y5ufymyonil5x foreign key (card_id) references cards (card_id)
?[2m2023-02-06T10:18:09.959+09:00?[0;39m ?[32mDEBUG?[0;39m ?[35m45049?[0;39m ?[2m---?[0;39m ?[2m[    Test worker]?[0;39m ?[36morg.hibernate.SQL                       ?[0;39m ?[2m:?[0;39m alter table cards add constraint FKi6ob3092decyic7dw6ltbu5h6 foreign key (category_id) references categories (category_id)
Hibernate: alter table cards add constraint FKi6ob3092decyic7dw6ltbu5h6 foreign key (category_id) references categories (category_id)
?[2m2023-02-06T10:18:10.268+09:00?[0;39m ?[32mDEBUG?[0;39m ?[35m45049?[0;39m ?[2m---?[0;39m ?[2m[    Test worker]?[0;39m ?[36morg.hibernate.SQL                       ?[0;39m ?[2m:?[0;39m alter table cards add constraint FKbm2fmd4ubr8axjw1g213dhv92 foreign key (card_id) references feeds (feed_id)
Hibernate: alter table cards add constraint FKbm2fmd4ubr8axjw1g213dhv92 foreign key (card_id) references feeds (feed_id)
?[2m2023-02-06T10:18:10.886+09:00?[0;39m ?[32mDEBUG?[0;39m ?[35m45049?[0;39m ?[2m---?[0;39m ?[2m[    Test worker]?[0;39m ?[36morg.hibernate.SQL                       ?[0;39m ?[2m:?[0;39m alter table categories add constraint FKjkx20sbxme0d95lmo94b9f4u1 foreign key (category_parent_id) references categories (category_id)
Hibernate: alter table categories add constraint FKjkx20sbxme0d95lmo94b9f4u1 foreign key (category_parent_id) references categories (category_id)
?[2m2023-02-06T10:18:11.189+09:00?[0;39m ?[32mDEBUG?[0;39m ?[35m45049?[0;39m ?[2m---?[0;39m ?[2m[    Test worker]?[0;39m ?[36morg.hibernate.SQL                       ?[0;39m ?[2m:?[0;39m alter table comments add constraint FK8omq0tc18jd43bu5tjh6jvraq foreign key (user_id) references users (user_id)
Hibernate: alter table comments add constraint FK8omq0tc18jd43bu5tjh6jvraq foreign key (user_id) references users (user_id)
?[2m2023-02-06T10:18:11.496+09:00?[0;39m ?[32mDEBUG?[0;39m ?[35m45049?[0;39m ?[2m---?[0;39m ?[2m[    Test worker]?[0;39m ?[36morg.hibernate.SQL                       ?[0;39m ?[2m:?[0;39m alter table comments add constraint FKtkh5bu2eiao6weakchx22ffqh foreign key (feed_id) references feeds (feed_id)
Hibernate: alter table comments add constraint FKtkh5bu2eiao6weakchx22ffqh foreign key (feed_id) references feeds (feed_id)
?[2m2023-02-06T10:18:12.110+09:00?[0;39m ?[32mDEBUG?[0;39m ?[35m45049?[0;39m ?[2m---?[0;39m ?[2m[    Test worker]?[0;39m ?[36morg.hibernate.SQL                       ?[0;39m ?[2m:?[0;39m alter table feed_like add constraint FKsybvsbssnb8q7nqng5gvht442 foreign key (feed_id) references feeds (feed_id)
Hibernate: alter table feed_like add constraint FKsybvsbssnb8q7nqng5gvht442 foreign key (feed_id) references feeds (feed_id)
?[2m2023-02-06T10:18:12.418+09:00?[0;39m ?[32mDEBUG?[0;39m ?[35m45049?[0;39m ?[2m---?[0;39m ?[2m[    Test worker]?[0;39m ?[36morg.hibernate.SQL                       ?[0;39m ?[2m:?[0;39m alter table feed_like add constraint FKht7sg59oaw8w3bcrbgbeip8u7 foreign key (user_id) references users (user_id)
Hibernate: alter table feed_like add constraint FKht7sg59oaw8w3bcrbgbeip8u7 foreign key (user_id) references users (user_id)
?[2m2023-02-06T10:18:12.725+09:00?[0;39m ?[32mDEBUG?[0;39m ?[35m45049?[0;39m ?[2m---?[0;39m ?[2m[    Test worker]?[0;39m ?[36morg.hibernate.SQL                       ?[0;39m ?[2m:?[0;39m alter table feeds add constraint FKa4nmt7wyx9clm9okj61dgd1tw foreign key (user_id) references users (user_id)
Hibernate: alter table feeds add constraint FKa4nmt7wyx9clm9okj61dgd1tw foreign key (user_id) references users (user_id)
?[2m2023-02-06T10:18:13.033+09:00?[0;39m ?[32mDEBUG?[0;39m ?[35m45049?[0;39m ?[2m---?[0;39m ?[2m[    Test worker]?[0;39m ?[36morg.hibernate.SQL                       ?[0;39m ?[2m:?[0;39m alter table follows add constraint FKqow46kixdqantbxw2fotnkgd6 foreign key (follow_from_id) references users (user_id)
Hibernate: alter table follows add constraint FKqow46kixdqantbxw2fotnkgd6 foreign key (follow_from_id) references users (user_id)
?[2m2023-02-06T10:18:13.339+09:00?[0;39m ?[32mDEBUG?[0;39m ?[35m45049?[0;39m ?[2m---?[0;39m ?[2m[    Test worker]?[0;39m ?[36morg.hibernate.SQL                       ?[0;39m ?[2m:?[0;39m alter table follows add constraint FK5aun26ib1bealgujbfkvrhaa1 foreign key (follow_to_id) references users (user_id)
Hibernate: alter table follows add constraint FK5aun26ib1bealgujbfkvrhaa1 foreign key (follow_to_id) references users (user_id)
?[2m2023-02-06T10:18:13.647+09:00?[0;39m ?[32mDEBUG?[0;39m ?[35m45049?[0;39m ?[2m---?[0;39m ?[2m[    Test worker]?[0;39m ?[36morg.hibernate.SQL                       ?[0;39m ?[2m:?[0;39m alter table links add constraint FKxrti1ggb40dm2bxxgf7i1st0 foreign key (link_id) references cards (card_id)
Hibernate: alter table links add constraint FKxrti1ggb40dm2bxxgf7i1st0 foreign key (link_id) references cards (card_id)
?[2m2023-02-06T10:18:13.953+09:00?[0;39m ?[32mDEBUG?[0;39m ?[35m45049?[0;39m ?[2m---?[0;39m ?[2m[    Test worker]?[0;39m ?[36morg.hibernate.SQL                       ?[0;39m ?[2m:?[0;39m alter table user_card_hit add constraint FK86hr8jl2wtk7delcmodibfusn foreign key (card_id) references cards (card_id)
Hibernate: alter table user_card_hit add constraint FK86hr8jl2wtk7delcmodibfusn foreign key (card_id) references cards (card_id)
?[2m2023-02-06T10:18:14.261+09:00?[0;39m ?[32mDEBUG?[0;39m ?[35m45049?[0;39m ?[2m---?[0;39m ?[2m[    Test worker]?[0;39m ?[36morg.hibernate.SQL                       ?[0;39m ?[2m:?[0;39m alter table user_card_hit add constraint FKiwsjvf6jkt9idjqtcaqmh9q4d foreign key (user_id) references users (user_id)
Hibernate: alter table user_card_hit add constraint FKiwsjvf6jkt9idjqtcaqmh9q4d foreign key (user_id) references users (user_id)
?[2m2023-02-06T10:18:14.573+09:00?[0;39m ?[32m INFO?[0;39m ?[35m45049?[0;39m ?[2m---?[0;39m ?[2m[    Test worker]?[0;39m ?[36mo.h.e.t.j.p.i.JtaPlatformInitiator      ?[0;39m ?[2m:?[0;39m HHH000490: Using JtaPlatform implementation: [org.hibernate.engine.transaction.jta.platform.internal.NoJtaPlatform]
?[2m2023-02-06T10:18:14.588+09:00?[0;39m ?[32mTRACE?[0;39m ?[35m45049?[0;39m ?[2m---?[0;39m ?[2m[    Test worker]?[0;39m ?[36mo.h.type.spi.TypeConfiguration$Scope    ?[0;39m ?[2m:?[0;39m Handling #sessionFactoryCreated from [org.hibernate.internal.SessionFactoryImpl@47ae6c18] for TypeConfiguration
?[2m2023-02-06T10:18:14.591+09:00?[0;39m ?[32m INFO?[0;39m ?[35m45049?[0;39m ?[2m---?[0;39m ?[2m[    Test worker]?[0;39m ?[36mj.LocalContainerEntityManagerFactoryBean?[0;39m ?[2m:?[0;39m Initialized JPA EntityManagerFactory for persistence unit 'default'
?[2m2023-02-06T10:18:16.089+09:00?[0;39m ?[32m INFO?[0;39m ?[35m45049?[0;39m ?[2m---?[0;39m ?[2m[    Test worker]?[0;39m ?[36mc.ssafy.bundler.BundlerApplicationTests ?[0;39m ?[2m:?[0;39m Started BundlerApplicationTests in 23.183 seconds (process running for 24.344)
]]></system-out>
  <system-err><![CDATA[]]></system-err>
</testsuite>
